2023-03-14 16:17:22,966 [main][] INFO  m.s.s.SYSApplication Starting SYSApplication using Java 1.8.0_102 on songwe with PID 29536 (D:\WorkSpace\wrokspace-spring\service-admin\service-sys\target\classes started by 13965 in D:\WorkSpace\wrokspace-spring\service-admin) 
2023-03-14 16:17:22,969 [main][] INFO  m.s.s.SYSApplication No active profile set, falling back to default profiles: default 
2023-03-14 16:17:23,608 [main][] INFO  o.s.d.r.c.RepositoryConfigurationDelegate Multiple Spring Data modules found, entering strict repository configuration mode! 
2023-03-14 16:17:23,610 [main][] INFO  o.s.d.r.c.RepositoryConfigurationDelegate Bootstrapping Spring Data Redis repositories in DEFAULT mode. 
2023-03-14 16:17:23,628 [main][] INFO  o.s.d.r.c.RepositoryConfigurationDelegate Finished Spring Data repository scanning in 9 ms. Found 0 Redis repository interfaces. 
2023-03-14 16:17:23,848 [main][] INFO  o.s.c.s.PostProcessorRegistrationDelegate$BeanPostProcessorChecker Bean 'org.springframework.security.access.expression.method.DefaultMethodSecurityExpressionHandler@6e33fcae' of type [org.springframework.security.access.expression.method.DefaultMethodSecurityExpressionHandler] is not eligible for getting processed by all BeanPostProcessors (for example: not eligible for auto-proxying) 
2023-03-14 16:17:23,850 [main][] INFO  o.s.c.s.PostProcessorRegistrationDelegate$BeanPostProcessorChecker Bean 'methodSecurityMetadataSource' of type [org.springframework.security.access.method.DelegatingMethodSecurityMetadataSource] is not eligible for getting processed by all BeanPostProcessors (for example: not eligible for auto-proxying) 
2023-03-14 16:17:23,993 [main][] INFO  o.s.b.w.e.t.TomcatWebServer Tomcat initialized with port(s): 8082 (http) 
2023-03-14 16:17:23,998 [main][] INFO  o.a.c.h.Http11NioProtocol Initializing ProtocolHandler ["http-nio-8082"] 
2023-03-14 16:17:23,998 [main][] INFO  o.a.c.c.StandardService Starting service [Tomcat] 
2023-03-14 16:17:23,999 [main][] INFO  o.a.c.c.StandardEngine Starting Servlet engine: [Apache Tomcat/9.0.41] 
2023-03-14 16:17:24,055 [main][] INFO  o.a.c.c.C.[.[.[/] Initializing Spring embedded WebApplicationContext 
2023-03-14 16:17:24,055 [main][] INFO  o.s.b.w.s.c.ServletWebServerApplicationContext Root WebApplicationContext: initialization completed in 1055 ms 
2023-03-14 16:17:25,391 [main][] INFO  s.d.s.w.PropertySourcedRequestMappingHandlerMapping Mapped URL path [/v2/api-docs] onto method [springfox.documentation.swagger2.web.Swagger2Controller#getDocumentation(String, HttpServletRequest)] 
2023-03-14 16:17:25,464 [main][] INFO  o.s.s.c.ThreadPoolTaskExecutor Initializing ExecutorService 'applicationTaskExecutor' 
2023-03-14 16:17:25,692 [main][] INFO  o.s.s.w.DefaultSecurityFilterChain Will secure Ant [pattern='/swagger-ui.html'] with [] 
2023-03-14 16:17:25,692 [main][] INFO  o.s.s.w.DefaultSecurityFilterChain Will secure Ant [pattern='/swagger-resources/**'] with [] 
2023-03-14 16:17:25,692 [main][] INFO  o.s.s.w.DefaultSecurityFilterChain Will secure Ant [pattern='/webjars/**'] with [] 
2023-03-14 16:17:25,692 [main][] INFO  o.s.s.w.DefaultSecurityFilterChain Will secure Ant [pattern='/v2/**'] with [] 
2023-03-14 16:17:25,692 [main][] INFO  o.s.s.w.DefaultSecurityFilterChain Will secure Ant [pattern='/api/**'] with [] 
2023-03-14 16:17:25,711 [main][] INFO  o.s.s.w.DefaultSecurityFilterChain Will secure any request with [org.springframework.security.web.context.request.async.WebAsyncManagerIntegrationFilter@4c635edc, org.springframework.security.web.context.SecurityContextPersistenceFilter@53016b11, org.springframework.security.web.header.HeaderWriterFilter@6e3dd5ce, org.springframework.web.filter.CorsFilter@4245bf68, org.springframework.security.web.authentication.logout.LogoutFilter@6d6cd1e0, me.song.sys.security.filter.LoginAuthenticationFilter@45bbc52f, me.song.sys.security.filter.TokenFilter@6a8a551e, org.springframework.security.web.savedrequest.RequestCacheAwareFilter@743d0d44, org.springframework.security.web.servletapi.SecurityContextHolderAwareRequestFilter@47058864, org.springframework.security.web.authentication.AnonymousAuthenticationFilter@3cc9632d, org.springframework.security.web.session.SessionManagementFilter@4ee8051c, org.springframework.security.web.access.ExceptionTranslationFilter@1ea930eb, org.springframework.security.web.access.intercept.FilterSecurityInterceptor@4703c998]
2023-03-14 16:17:25,744 [main][] INFO  o.a.c.h.Http11NioProtocol Starting ProtocolHandler ["http-nio-8082"] 
2023-03-14 16:17:25,756 [main][] INFO  o.s.b.w.e.t.TomcatWebServer Tomcat started on port(s): 8082 (http) with context path '' 
2023-03-14 16:17:25,756 [main][] INFO  s.d.s.w.p.DocumentationPluginsBootstrapper Context refreshed 
2023-03-14 16:17:25,764 [main][] INFO  s.d.s.w.p.DocumentationPluginsBootstrapper Found 1 custom documentation plugin(s) 
2023-03-14 16:17:25,787 [main][] INFO  s.d.s.w.s.ApiListingReferenceScanner Scanning for api listing references 
2023-03-14 16:17:25,834 [main][] WARN  s.d.s.w.r.p.ParameterDataTypeReader Trying to infer dataType java.lang.Long[] 
2023-03-14 16:17:25,869 [main][] INFO  m.s.s.SYSApplication Started SYSApplication in 3.14 seconds (JVM running for 3.834) 
2023-03-14 16:48:45,111 [main][] INFO  m.s.s.SYSApplication Starting SYSApplication using Java 1.8.0_102 on songwe with PID 7948 (D:\WorkSpace\wrokspace-spring\service-admin\service-sys\target\classes started by 13965 in D:\WorkSpace\wrokspace-spring\service-admin) 
2023-03-14 16:48:45,113 [main][] INFO  m.s.s.SYSApplication No active profile set, falling back to default profiles: default 
2023-03-14 16:48:45,589 [main][] INFO  o.s.d.r.c.RepositoryConfigurationDelegate Multiple Spring Data modules found, entering strict repository configuration mode! 
2023-03-14 16:48:45,591 [main][] INFO  o.s.d.r.c.RepositoryConfigurationDelegate Bootstrapping Spring Data Redis repositories in DEFAULT mode. 
2023-03-14 16:48:45,607 [main][] INFO  o.s.d.r.c.RepositoryConfigurationDelegate Finished Spring Data repository scanning in 8 ms. Found 0 Redis repository interfaces. 
2023-03-14 16:48:45,754 [main][] INFO  o.s.c.s.PostProcessorRegistrationDelegate$BeanPostProcessorChecker Bean 'org.springframework.security.access.expression.method.DefaultMethodSecurityExpressionHandler@341672e' of type [org.springframework.security.access.expression.method.DefaultMethodSecurityExpressionHandler] is not eligible for getting processed by all BeanPostProcessors (for example: not eligible for auto-proxying) 
2023-03-14 16:48:45,756 [main][] INFO  o.s.c.s.PostProcessorRegistrationDelegate$BeanPostProcessorChecker Bean 'methodSecurityMetadataSource' of type [org.springframework.security.access.method.DelegatingMethodSecurityMetadataSource] is not eligible for getting processed by all BeanPostProcessors (for example: not eligible for auto-proxying) 
2023-03-14 16:48:45,878 [main][] INFO  o.s.b.w.e.t.TomcatWebServer Tomcat initialized with port(s): 8082 (http) 
2023-03-14 16:48:45,883 [main][] INFO  o.a.c.h.Http11NioProtocol Initializing ProtocolHandler ["http-nio-8082"] 
2023-03-14 16:48:45,883 [main][] INFO  o.a.c.c.StandardService Starting service [Tomcat] 
2023-03-14 16:48:45,883 [main][] INFO  o.a.c.c.StandardEngine Starting Servlet engine: [Apache Tomcat/9.0.41] 
2023-03-14 16:48:45,925 [main][] INFO  o.a.c.c.C.[.[.[/] Initializing Spring embedded WebApplicationContext 
2023-03-14 16:48:45,925 [main][] INFO  o.s.b.w.s.c.ServletWebServerApplicationContext Root WebApplicationContext: initialization completed in 785 ms 
2023-03-14 16:48:46,822 [main][] INFO  s.d.s.w.PropertySourcedRequestMappingHandlerMapping Mapped URL path [/v2/api-docs] onto method [springfox.documentation.swagger2.web.Swagger2Controller#getDocumentation(String, HttpServletRequest)] 
2023-03-14 16:48:46,887 [main][] INFO  o.s.s.c.ThreadPoolTaskExecutor Initializing ExecutorService 'applicationTaskExecutor' 
2023-03-14 16:48:47,028 [main][] INFO  o.s.s.w.DefaultSecurityFilterChain Will secure Ant [pattern='/swagger-ui.html'] with [] 
2023-03-14 16:48:47,029 [main][] INFO  o.s.s.w.DefaultSecurityFilterChain Will secure Ant [pattern='/swagger-resources/**'] with [] 
2023-03-14 16:48:47,029 [main][] INFO  o.s.s.w.DefaultSecurityFilterChain Will secure Ant [pattern='/webjars/**'] with [] 
2023-03-14 16:48:47,029 [main][] INFO  o.s.s.w.DefaultSecurityFilterChain Will secure Ant [pattern='/v2/**'] with [] 
2023-03-14 16:48:47,029 [main][] INFO  o.s.s.w.DefaultSecurityFilterChain Will secure Ant [pattern='/api/**'] with [] 
2023-03-14 16:48:47,043 [main][] INFO  o.s.s.w.DefaultSecurityFilterChain Will secure any request with [org.springframework.security.web.context.request.async.WebAsyncManagerIntegrationFilter@77c66a4f, org.springframework.security.web.context.SecurityContextPersistenceFilter@7761e342, org.springframework.security.web.header.HeaderWriterFilter@ad3f70a, org.springframework.web.filter.CorsFilter@649b5891, org.springframework.security.web.authentication.logout.LogoutFilter@56cfe6be, me.song.sys.security.filter.LoginAuthenticationFilter@7a3f08b6, me.song.sys.security.filter.TokenFilter@1be52861, org.springframework.security.web.savedrequest.RequestCacheAwareFilter@4eb9ae4d, org.springframework.security.web.servletapi.SecurityContextHolderAwareRequestFilter@2f4d32bf, org.springframework.security.web.authentication.AnonymousAuthenticationFilter@5fb5ad40, org.springframework.security.web.session.SessionManagementFilter@9b2dc56, org.springframework.security.web.access.ExceptionTranslationFilter@ef86c72, org.springframework.security.web.access.intercept.FilterSecurityInterceptor@4c635edc]
2023-03-14 16:48:47,068 [main][] INFO  o.a.c.h.Http11NioProtocol Starting ProtocolHandler ["http-nio-8082"] 
2023-03-14 16:48:47,078 [main][] INFO  o.s.b.w.e.t.TomcatWebServer Tomcat started on port(s): 8082 (http) with context path '' 
2023-03-14 16:48:47,078 [main][] INFO  s.d.s.w.p.DocumentationPluginsBootstrapper Context refreshed 
2023-03-14 16:48:47,085 [main][] INFO  s.d.s.w.p.DocumentationPluginsBootstrapper Found 1 custom documentation plugin(s) 
2023-03-14 16:48:47,103 [main][] INFO  s.d.s.w.s.ApiListingReferenceScanner Scanning for api listing references 
2023-03-14 16:48:47,148 [main][] WARN  s.d.s.w.r.p.ParameterDataTypeReader Trying to infer dataType java.lang.Long[] 
2023-03-14 16:48:47,181 [main][] INFO  m.s.s.SYSApplication Started SYSApplication in 2.24 seconds (JVM running for 2.768) 
