2023-03-28 10:05:03,446 [main][] INFO  o.s.b.t.c.SpringBootTestContextBootstrapper Neither @ContextConfiguration nor @ContextHierarchy found for test class [me.song.sys.mq.MQTest], using SpringBootContextLoader 
2023-03-28 10:05:03,454 [main][] INFO  o.s.t.c.s.AbstractContextLoader Could not detect default resource locations for test class [me.song.sys.mq.MQTest]: no resource found for suffixes {-context.xml, Context.groovy}. 
2023-03-28 10:05:03,603 [main][] INFO  o.s.b.t.c.SpringBootTestContextBootstrapper Loaded default TestExecutionListener class names from location [META-INF/spring.factories]: [org.springframework.boot.test.mock.mockito.MockitoTestExecutionListener, org.springframework.boot.test.mock.mockito.ResetMocksTestExecutionListener, org.springframework.boot.test.autoconfigure.restdocs.RestDocsTestExecutionListener, org.springframework.boot.test.autoconfigure.web.client.MockRestServiceServerResetTestExecutionListener, org.springframework.boot.test.autoconfigure.web.servlet.MockMvcPrintOnlyOnFailureTestExecutionListener, org.springframework.boot.test.autoconfigure.web.servlet.WebDriverTestExecutionListener, org.springframework.boot.test.autoconfigure.webservices.client.MockWebServiceServerTestExecutionListener, org.springframework.test.context.web.ServletTestExecutionListener, org.springframework.test.context.support.DirtiesContextBeforeModesTestExecutionListener, org.springframework.test.context.support.DependencyInjectionTestExecutionListener, org.springframework.test.context.support.DirtiesContextTestExecutionListener, org.springframework.test.context.transaction.TransactionalTestExecutionListener, org.springframework.test.context.jdbc.SqlScriptsTestExecutionListener, org.springframework.test.context.event.EventPublishingTestExecutionListener] 
2023-03-28 10:05:03,623 [main][] INFO  o.s.b.t.c.SpringBootTestContextBootstrapper Using TestExecutionListeners: [org.springframework.test.context.web.ServletTestExecutionListener@6cc4cdb9, org.springframework.test.context.support.DirtiesContextBeforeModesTestExecutionListener@28194a50, org.springframework.boot.test.mock.mockito.MockitoTestExecutionListener@7f2cfe3f, org.springframework.boot.test.autoconfigure.SpringBootDependencyInjectionTestExecutionListener@1a5b6f42, org.springframework.test.context.support.DirtiesContextTestExecutionListener@5038d0b5, org.springframework.test.context.transaction.TransactionalTestExecutionListener@32115b28, org.springframework.test.context.jdbc.SqlScriptsTestExecutionListener@2ad48653, org.springframework.test.context.event.EventPublishingTestExecutionListener@6bb4dd34, org.springframework.boot.test.mock.mockito.ResetMocksTestExecutionListener@7d9f158f, org.springframework.boot.test.autoconfigure.restdocs.RestDocsTestExecutionListener@45efd90f, org.springframework.boot.test.autoconfigure.web.client.MockRestServiceServerResetTestExecutionListener@4b8729ff, org.springframework.boot.test.autoconfigure.web.servlet.MockMvcPrintOnlyOnFailureTestExecutionListener@61710c6, org.springframework.boot.test.autoconfigure.web.servlet.WebDriverTestExecutionListener@3214ee6, org.springframework.boot.test.autoconfigure.webservices.client.MockWebServiceServerTestExecutionListener@383dc82c] 
2023-03-28 10:05:03,912 [main][] INFO  m.s.s.mq.MQTest Starting MQTest using Java 1.8.0_102 on songwe with PID 18784 (started by 13965 in D:\WorkSpace\wrokspace-spring\service-admin\service-sys) 
2023-03-28 10:05:03,913 [main][] INFO  m.s.s.mq.MQTest No active profile set, falling back to default profiles: default 
2023-03-28 10:05:04,624 [main][] INFO  o.s.d.r.c.RepositoryConfigurationDelegate Multiple Spring Data modules found, entering strict repository configuration mode! 
2023-03-28 10:05:04,628 [main][] INFO  o.s.d.r.c.RepositoryConfigurationDelegate Bootstrapping Spring Data Redis repositories in DEFAULT mode. 
2023-03-28 10:05:04,656 [main][] INFO  o.s.d.r.c.RepositoryConfigurationDelegate Finished Spring Data repository scanning in 15 ms. Found 0 Redis repository interfaces. 
2023-03-28 10:05:05,239 [main][] INFO  o.s.c.s.PostProcessorRegistrationDelegate$BeanPostProcessorChecker Bean 'org.springframework.security.access.expression.method.DefaultMethodSecurityExpressionHandler@3ddb774f' of type [org.springframework.security.access.expression.method.DefaultMethodSecurityExpressionHandler] is not eligible for getting processed by all BeanPostProcessors (for example: not eligible for auto-proxying) 
2023-03-28 10:05:05,251 [main][] INFO  o.s.c.s.PostProcessorRegistrationDelegate$BeanPostProcessorChecker Bean 'methodSecurityMetadataSource' of type [org.springframework.security.access.method.DelegatingMethodSecurityMetadataSource] is not eligible for getting processed by all BeanPostProcessors (for example: not eligible for auto-proxying) 
2023-03-28 10:05:05,937 [main][] INFO  m.s.s.r.s.i.StandaloneConfigImpl 初始化[单机部署]方式Config,redisAddress:127.0.0.1:6379 
2023-03-28 10:05:06,293 [main][] INFO  o.r.Version Redisson 3.5.4 
2023-03-28 10:05:06,810 [redisson-netty-4-2][] INFO  o.r.c.p.MasterPubSubConnectionPool 1 connections initialized for /127.0.0.1:6379 
2023-03-28 10:05:06,810 [redisson-netty-4-30][] INFO  o.r.c.p.MasterConnectionPool 10 connections initialized for /127.0.0.1:6379 
2023-03-28 10:05:06,815 [main][] INFO  m.s.s.r.c.RedisConfig [RedisManager]装配完成，当前连接方式:standalone,连接地址:127.0.0.1:6379 
2023-03-28 10:05:08,355 [main][] INFO  s.d.s.w.PropertySourcedRequestMappingHandlerMapping Mapped URL path [/v2/api-docs] onto method [springfox.documentation.swagger2.web.Swagger2Controller#getDocumentation(String, HttpServletRequest)] 
2023-03-28 10:05:08,813 [main][] INFO  o.s.s.c.ThreadPoolTaskExecutor Initializing ExecutorService 'applicationTaskExecutor' 
2023-03-28 10:05:09,441 [main][] INFO  o.s.s.w.DefaultSecurityFilterChain Will secure Ant [pattern='/swagger-ui.html'] with [] 
2023-03-28 10:05:09,442 [main][] INFO  o.s.s.w.DefaultSecurityFilterChain Will secure Ant [pattern='/swagger-resources/**'] with [] 
2023-03-28 10:05:09,442 [main][] INFO  o.s.s.w.DefaultSecurityFilterChain Will secure Ant [pattern='/webjars/**'] with [] 
2023-03-28 10:05:09,442 [main][] INFO  o.s.s.w.DefaultSecurityFilterChain Will secure Ant [pattern='/v2/**'] with [] 
2023-03-28 10:05:09,442 [main][] INFO  o.s.s.w.DefaultSecurityFilterChain Will secure Ant [pattern='/api/**'] with [] 
2023-03-28 10:05:09,527 [main][] INFO  o.s.s.w.DefaultSecurityFilterChain Will secure any request with [org.springframework.security.web.context.request.async.WebAsyncManagerIntegrationFilter@34070bd2, org.springframework.security.web.context.SecurityContextPersistenceFilter@736788b, org.springframework.security.web.header.HeaderWriterFilter@71eff6a3, org.springframework.web.filter.CorsFilter@1e7d3d87, org.springframework.security.web.authentication.logout.LogoutFilter@35cbeb54, me.song.sys.security.filter.LoginAuthenticationFilter@1dd76982, me.song.sys.security.filter.TokenFilter@7e76a66f, org.springframework.security.web.savedrequest.RequestCacheAwareFilter@460e5ffe, org.springframework.security.web.servletapi.SecurityContextHolderAwareRequestFilter@620572db, org.springframework.security.web.authentication.AnonymousAuthenticationFilter@72237be8, org.springframework.security.web.session.SessionManagementFilter@735988cf, org.springframework.security.web.access.ExceptionTranslationFilter@25ea068e, org.springframework.security.web.access.intercept.FilterSecurityInterceptor@26f480c6]
2023-03-28 10:05:09,622 [main][] INFO  s.d.s.w.p.DocumentationPluginsBootstrapper Context refreshed 
2023-03-28 10:05:09,642 [main][] INFO  s.d.s.w.p.DocumentationPluginsBootstrapper Found 1 custom documentation plugin(s) 
2023-03-28 10:05:09,673 [main][] INFO  s.d.s.w.s.ApiListingReferenceScanner Scanning for api listing references 
2023-03-28 10:05:09,746 [main][] WARN  s.d.s.w.r.p.ParameterDataTypeReader Trying to infer dataType java.lang.Long[] 
2023-03-28 10:05:09,804 [main][] INFO  m.s.s.mq.MQTest Started MQTest in 6.143 seconds (JVM running for 6.934) 
2023-03-28 10:05:11,083 [NettyClientSelector_1][] INFO  RocketmqRemoting closeChannel: close the connection to remote address[127.0.0.1:9876] result: true 
2023-03-28 10:05:11,084 [NettyClientSelector_1][] INFO  RocketmqRemoting closeChannel: close the connection to remote address[172.23.131.101:10911] result: true 
2023-03-28 10:05:11,098 [SpringContextShutdownHook][] INFO  o.s.s.c.ThreadPoolTaskExecutor Shutting down ExecutorService 'applicationTaskExecutor' 
2023-03-28 10:05:11,103 [SpringContextShutdownHook][] INFO  c.a.d.p.DruidDataSource {dataSource-0} closing ... 
