2023-03-27 15:53:58,508 [main][] INFO  o.s.b.t.c.SpringBootTestContextBootstrapper Neither @ContextConfiguration nor @ContextHierarchy found for test class [me.song.sys.mq.MQTest], using SpringBootContextLoader 
2023-03-27 15:53:58,513 [main][] INFO  o.s.t.c.s.AbstractContextLoader Could not detect default resource locations for test class [me.song.sys.mq.MQTest]: no resource found for suffixes {-context.xml, Context.groovy}. 
2023-03-27 15:53:58,650 [main][] INFO  o.s.b.t.c.SpringBootTestContextBootstrapper Loaded default TestExecutionListener class names from location [META-INF/spring.factories]: [org.springframework.boot.test.mock.mockito.MockitoTestExecutionListener, org.springframework.boot.test.mock.mockito.ResetMocksTestExecutionListener, org.springframework.boot.test.autoconfigure.restdocs.RestDocsTestExecutionListener, org.springframework.boot.test.autoconfigure.web.client.MockRestServiceServerResetTestExecutionListener, org.springframework.boot.test.autoconfigure.web.servlet.MockMvcPrintOnlyOnFailureTestExecutionListener, org.springframework.boot.test.autoconfigure.web.servlet.WebDriverTestExecutionListener, org.springframework.boot.test.autoconfigure.webservices.client.MockWebServiceServerTestExecutionListener, org.springframework.test.context.web.ServletTestExecutionListener, org.springframework.test.context.support.DirtiesContextBeforeModesTestExecutionListener, org.springframework.test.context.support.DependencyInjectionTestExecutionListener, org.springframework.test.context.support.DirtiesContextTestExecutionListener, org.springframework.test.context.transaction.TransactionalTestExecutionListener, org.springframework.test.context.jdbc.SqlScriptsTestExecutionListener, org.springframework.test.context.event.EventPublishingTestExecutionListener] 
2023-03-27 15:53:58,666 [main][] INFO  o.s.b.t.c.SpringBootTestContextBootstrapper Using TestExecutionListeners: [org.springframework.test.context.web.ServletTestExecutionListener@6cc4cdb9, org.springframework.test.context.support.DirtiesContextBeforeModesTestExecutionListener@28194a50, org.springframework.boot.test.mock.mockito.MockitoTestExecutionListener@7f2cfe3f, org.springframework.boot.test.autoconfigure.SpringBootDependencyInjectionTestExecutionListener@1a5b6f42, org.springframework.test.context.support.DirtiesContextTestExecutionListener@5038d0b5, org.springframework.test.context.transaction.TransactionalTestExecutionListener@32115b28, org.springframework.test.context.jdbc.SqlScriptsTestExecutionListener@2ad48653, org.springframework.test.context.event.EventPublishingTestExecutionListener@6bb4dd34, org.springframework.boot.test.mock.mockito.ResetMocksTestExecutionListener@7d9f158f, org.springframework.boot.test.autoconfigure.restdocs.RestDocsTestExecutionListener@45efd90f, org.springframework.boot.test.autoconfigure.web.client.MockRestServiceServerResetTestExecutionListener@4b8729ff, org.springframework.boot.test.autoconfigure.web.servlet.MockMvcPrintOnlyOnFailureTestExecutionListener@61710c6, org.springframework.boot.test.autoconfigure.web.servlet.WebDriverTestExecutionListener@3214ee6, org.springframework.boot.test.autoconfigure.webservices.client.MockWebServiceServerTestExecutionListener@383dc82c] 
2023-03-27 15:53:58,930 [main][] INFO  m.s.s.mq.MQTest Starting MQTest using Java 1.8.0_102 on songwe with PID 25688 (started by 13965 in D:\WorkSpace\wrokspace-spring\service-admin\service-sys) 
2023-03-27 15:53:58,931 [main][] INFO  m.s.s.mq.MQTest No active profile set, falling back to default profiles: default 
2023-03-27 15:53:59,657 [main][] INFO  o.s.d.r.c.RepositoryConfigurationDelegate Multiple Spring Data modules found, entering strict repository configuration mode! 
2023-03-27 15:53:59,660 [main][] INFO  o.s.d.r.c.RepositoryConfigurationDelegate Bootstrapping Spring Data Redis repositories in DEFAULT mode. 
2023-03-27 15:53:59,689 [main][] INFO  o.s.d.r.c.RepositoryConfigurationDelegate Finished Spring Data repository scanning in 17 ms. Found 0 Redis repository interfaces. 
2023-03-27 15:54:00,351 [main][] INFO  o.s.c.s.PostProcessorRegistrationDelegate$BeanPostProcessorChecker Bean 'org.springframework.security.access.expression.method.DefaultMethodSecurityExpressionHandler@294f9d50' of type [org.springframework.security.access.expression.method.DefaultMethodSecurityExpressionHandler] is not eligible for getting processed by all BeanPostProcessors (for example: not eligible for auto-proxying) 
2023-03-27 15:54:00,366 [main][] INFO  o.s.c.s.PostProcessorRegistrationDelegate$BeanPostProcessorChecker Bean 'methodSecurityMetadataSource' of type [org.springframework.security.access.method.DelegatingMethodSecurityMetadataSource] is not eligible for getting processed by all BeanPostProcessors (for example: not eligible for auto-proxying) 
2023-03-27 15:54:00,924 [main][] INFO  m.s.s.r.s.i.StandaloneConfigImpl 初始化[单机部署]方式Config,redisAddress:127.0.0.1:6379 
2023-03-27 15:54:01,308 [main][] INFO  o.r.Version Redisson 3.5.4 
2023-03-27 15:54:01,874 [redisson-netty-4-24][] INFO  o.r.c.p.MasterPubSubConnectionPool 1 connections initialized for /127.0.0.1:6379 
2023-03-27 15:54:01,874 [redisson-netty-4-28][] INFO  o.r.c.p.MasterConnectionPool 10 connections initialized for /127.0.0.1:6379 
2023-03-27 15:54:01,879 [main][] INFO  m.s.s.r.c.RedisConfig [RedisManager]装配完成，当前连接方式:standalone,连接地址:127.0.0.1:6379 
2023-03-27 15:54:03,657 [main][] INFO  s.d.s.w.PropertySourcedRequestMappingHandlerMapping Mapped URL path [/v2/api-docs] onto method [springfox.documentation.swagger2.web.Swagger2Controller#getDocumentation(String, HttpServletRequest)] 
2023-03-27 15:54:03,969 [main][] INFO  o.s.s.c.ThreadPoolTaskExecutor Initializing ExecutorService 'applicationTaskExecutor' 
2023-03-27 15:54:04,595 [main][] INFO  o.s.s.w.DefaultSecurityFilterChain Will secure Ant [pattern='/swagger-ui.html'] with [] 
2023-03-27 15:54:04,596 [main][] INFO  o.s.s.w.DefaultSecurityFilterChain Will secure Ant [pattern='/swagger-resources/**'] with [] 
2023-03-27 15:54:04,596 [main][] INFO  o.s.s.w.DefaultSecurityFilterChain Will secure Ant [pattern='/webjars/**'] with [] 
2023-03-27 15:54:04,596 [main][] INFO  o.s.s.w.DefaultSecurityFilterChain Will secure Ant [pattern='/v2/**'] with [] 
2023-03-27 15:54:04,596 [main][] INFO  o.s.s.w.DefaultSecurityFilterChain Will secure Ant [pattern='/api/**'] with [] 
2023-03-27 15:54:04,680 [main][] INFO  o.s.s.w.DefaultSecurityFilterChain Will secure any request with [org.springframework.security.web.context.request.async.WebAsyncManagerIntegrationFilter@4805069b, org.springframework.security.web.context.SecurityContextPersistenceFilter@a240452, org.springframework.security.web.header.HeaderWriterFilter@2b80497f, org.springframework.web.filter.CorsFilter@14ca88bc, org.springframework.security.web.authentication.logout.LogoutFilter@49925d21, me.song.sys.security.filter.LoginAuthenticationFilter@f01fc6d, me.song.sys.security.filter.TokenFilter@85cd413, org.springframework.security.web.savedrequest.RequestCacheAwareFilter@6d7e2795, org.springframework.security.web.servletapi.SecurityContextHolderAwareRequestFilter@35d88a54, org.springframework.security.web.authentication.AnonymousAuthenticationFilter@688d2a5d, org.springframework.security.web.session.SessionManagementFilter@4c000cc4, org.springframework.security.web.access.ExceptionTranslationFilter@736788b, org.springframework.security.web.access.intercept.FilterSecurityInterceptor@1e9d7366]
2023-03-27 15:54:04,779 [main][] INFO  s.d.s.w.p.DocumentationPluginsBootstrapper Context refreshed 
2023-03-27 15:54:04,808 [main][] INFO  s.d.s.w.p.DocumentationPluginsBootstrapper Found 1 custom documentation plugin(s) 
2023-03-27 15:54:04,850 [main][] INFO  s.d.s.w.s.ApiListingReferenceScanner Scanning for api listing references 
2023-03-27 15:54:04,921 [main][] WARN  s.d.s.w.r.p.ParameterDataTypeReader Trying to infer dataType java.lang.Long[] 
2023-03-27 15:54:04,973 [main][] INFO  m.s.s.mq.MQTest Started MQTest in 6.277 seconds (JVM running for 6.945) 
2023-03-27 15:54:09,401 [NettyClientSelector_1][] INFO  RocketmqRemoting closeChannel: close the connection to remote address[] result: true 
2023-03-27 15:54:09,405 [SpringContextShutdownHook][] INFO  o.s.s.c.ThreadPoolTaskExecutor Shutting down ExecutorService 'applicationTaskExecutor' 
2023-03-27 15:54:09,408 [SpringContextShutdownHook][] INFO  c.a.d.p.DruidDataSource {dataSource-0} closing ... 
2023-03-27 16:07:22,366 [main][] INFO  o.s.b.t.c.SpringBootTestContextBootstrapper Neither @ContextConfiguration nor @ContextHierarchy found for test class [me.song.sys.mq.MQTest], using SpringBootContextLoader 
2023-03-27 16:07:22,370 [main][] INFO  o.s.t.c.s.AbstractContextLoader Could not detect default resource locations for test class [me.song.sys.mq.MQTest]: no resource found for suffixes {-context.xml, Context.groovy}. 
2023-03-27 16:07:22,486 [main][] INFO  o.s.b.t.c.SpringBootTestContextBootstrapper Loaded default TestExecutionListener class names from location [META-INF/spring.factories]: [org.springframework.boot.test.mock.mockito.MockitoTestExecutionListener, org.springframework.boot.test.mock.mockito.ResetMocksTestExecutionListener, org.springframework.boot.test.autoconfigure.restdocs.RestDocsTestExecutionListener, org.springframework.boot.test.autoconfigure.web.client.MockRestServiceServerResetTestExecutionListener, org.springframework.boot.test.autoconfigure.web.servlet.MockMvcPrintOnlyOnFailureTestExecutionListener, org.springframework.boot.test.autoconfigure.web.servlet.WebDriverTestExecutionListener, org.springframework.boot.test.autoconfigure.webservices.client.MockWebServiceServerTestExecutionListener, org.springframework.test.context.web.ServletTestExecutionListener, org.springframework.test.context.support.DirtiesContextBeforeModesTestExecutionListener, org.springframework.test.context.support.DependencyInjectionTestExecutionListener, org.springframework.test.context.support.DirtiesContextTestExecutionListener, org.springframework.test.context.transaction.TransactionalTestExecutionListener, org.springframework.test.context.jdbc.SqlScriptsTestExecutionListener, org.springframework.test.context.event.EventPublishingTestExecutionListener] 
2023-03-27 16:07:22,497 [main][] INFO  o.s.b.t.c.SpringBootTestContextBootstrapper Using TestExecutionListeners: [org.springframework.test.context.web.ServletTestExecutionListener@6cc4cdb9, org.springframework.test.context.support.DirtiesContextBeforeModesTestExecutionListener@28194a50, org.springframework.boot.test.mock.mockito.MockitoTestExecutionListener@7f2cfe3f, org.springframework.boot.test.autoconfigure.SpringBootDependencyInjectionTestExecutionListener@1a5b6f42, org.springframework.test.context.support.DirtiesContextTestExecutionListener@5038d0b5, org.springframework.test.context.transaction.TransactionalTestExecutionListener@32115b28, org.springframework.test.context.jdbc.SqlScriptsTestExecutionListener@2ad48653, org.springframework.test.context.event.EventPublishingTestExecutionListener@6bb4dd34, org.springframework.boot.test.mock.mockito.ResetMocksTestExecutionListener@7d9f158f, org.springframework.boot.test.autoconfigure.restdocs.RestDocsTestExecutionListener@45efd90f, org.springframework.boot.test.autoconfigure.web.client.MockRestServiceServerResetTestExecutionListener@4b8729ff, org.springframework.boot.test.autoconfigure.web.servlet.MockMvcPrintOnlyOnFailureTestExecutionListener@61710c6, org.springframework.boot.test.autoconfigure.web.servlet.WebDriverTestExecutionListener@3214ee6, org.springframework.boot.test.autoconfigure.webservices.client.MockWebServiceServerTestExecutionListener@383dc82c] 
2023-03-27 16:07:22,715 [main][] INFO  m.s.s.mq.MQTest Starting MQTest using Java 1.8.0_102 on songwe with PID 19580 (started by 13965 in D:\WorkSpace\wrokspace-spring\service-admin\service-sys) 
2023-03-27 16:07:22,716 [main][] INFO  m.s.s.mq.MQTest No active profile set, falling back to default profiles: default 
2023-03-27 16:07:23,280 [main][] INFO  o.s.d.r.c.RepositoryConfigurationDelegate Multiple Spring Data modules found, entering strict repository configuration mode! 
2023-03-27 16:07:23,282 [main][] INFO  o.s.d.r.c.RepositoryConfigurationDelegate Bootstrapping Spring Data Redis repositories in DEFAULT mode. 
2023-03-27 16:07:23,300 [main][] INFO  o.s.d.r.c.RepositoryConfigurationDelegate Finished Spring Data repository scanning in 10 ms. Found 0 Redis repository interfaces. 
2023-03-27 16:07:23,724 [main][] INFO  o.s.c.s.PostProcessorRegistrationDelegate$BeanPostProcessorChecker Bean 'org.springframework.security.access.expression.method.DefaultMethodSecurityExpressionHandler@101ca8da' of type [org.springframework.security.access.expression.method.DefaultMethodSecurityExpressionHandler] is not eligible for getting processed by all BeanPostProcessors (for example: not eligible for auto-proxying) 
2023-03-27 16:07:23,741 [main][] INFO  o.s.c.s.PostProcessorRegistrationDelegate$BeanPostProcessorChecker Bean 'methodSecurityMetadataSource' of type [org.springframework.security.access.method.DelegatingMethodSecurityMetadataSource] is not eligible for getting processed by all BeanPostProcessors (for example: not eligible for auto-proxying) 
2023-03-27 16:07:24,250 [main][] INFO  m.s.s.r.s.i.StandaloneConfigImpl 初始化[单机部署]方式Config,redisAddress:127.0.0.1:6379 
2023-03-27 16:07:24,617 [main][] INFO  o.r.Version Redisson 3.5.4 
2023-03-27 16:07:25,225 [redisson-netty-4-2][] INFO  o.r.c.p.MasterPubSubConnectionPool 1 connections initialized for /127.0.0.1:6379 
2023-03-27 16:07:25,225 [redisson-netty-4-28][] INFO  o.r.c.p.MasterConnectionPool 10 connections initialized for /127.0.0.1:6379 
2023-03-27 16:07:25,229 [main][] INFO  m.s.s.r.c.RedisConfig [RedisManager]装配完成，当前连接方式:standalone,连接地址:127.0.0.1:6379 
2023-03-27 16:07:26,855 [main][] INFO  s.d.s.w.PropertySourcedRequestMappingHandlerMapping Mapped URL path [/v2/api-docs] onto method [springfox.documentation.swagger2.web.Swagger2Controller#getDocumentation(String, HttpServletRequest)] 
2023-03-27 16:07:27,167 [main][] INFO  o.s.s.c.ThreadPoolTaskExecutor Initializing ExecutorService 'applicationTaskExecutor' 
2023-03-27 16:07:27,720 [main][] INFO  o.s.s.w.DefaultSecurityFilterChain Will secure Ant [pattern='/swagger-ui.html'] with [] 
2023-03-27 16:07:27,720 [main][] INFO  o.s.s.w.DefaultSecurityFilterChain Will secure Ant [pattern='/swagger-resources/**'] with [] 
2023-03-27 16:07:27,720 [main][] INFO  o.s.s.w.DefaultSecurityFilterChain Will secure Ant [pattern='/webjars/**'] with [] 
2023-03-27 16:07:27,720 [main][] INFO  o.s.s.w.DefaultSecurityFilterChain Will secure Ant [pattern='/v2/**'] with [] 
2023-03-27 16:07:27,720 [main][] INFO  o.s.s.w.DefaultSecurityFilterChain Will secure Ant [pattern='/api/**'] with [] 
2023-03-27 16:07:27,801 [main][] INFO  o.s.s.w.DefaultSecurityFilterChain Will secure any request with [org.springframework.security.web.context.request.async.WebAsyncManagerIntegrationFilter@990b86b, org.springframework.security.web.context.SecurityContextPersistenceFilter@3275a47f, org.springframework.security.web.header.HeaderWriterFilter@4d4c4b14, org.springframework.web.filter.CorsFilter@3dea1ecc, org.springframework.security.web.authentication.logout.LogoutFilter@2ce24a1a, me.song.sys.security.filter.LoginAuthenticationFilter@105c6c9e, me.song.sys.security.filter.TokenFilter@40a7974, org.springframework.security.web.savedrequest.RequestCacheAwareFilter@2d172c7, org.springframework.security.web.servletapi.SecurityContextHolderAwareRequestFilter@6802d023, org.springframework.security.web.authentication.AnonymousAuthenticationFilter@8d5da7e, org.springframework.security.web.session.SessionManagementFilter@11170228, org.springframework.security.web.access.ExceptionTranslationFilter@59a2bed1, org.springframework.security.web.access.intercept.FilterSecurityInterceptor@3e998033]
2023-03-27 16:07:27,886 [main][] INFO  s.d.s.w.p.DocumentationPluginsBootstrapper Context refreshed 
2023-03-27 16:07:27,908 [main][] INFO  s.d.s.w.p.DocumentationPluginsBootstrapper Found 1 custom documentation plugin(s) 
2023-03-27 16:07:27,942 [main][] INFO  s.d.s.w.s.ApiListingReferenceScanner Scanning for api listing references 
2023-03-27 16:07:28,002 [main][] WARN  s.d.s.w.r.p.ParameterDataTypeReader Trying to infer dataType java.lang.Long[] 
2023-03-27 16:07:28,045 [main][] INFO  m.s.s.mq.MQTest Started MQTest in 5.517 seconds (JVM running for 6.134) 
2023-03-27 16:07:35,279 [NettyClientSelector_1][] INFO  RocketmqRemoting closeChannel: close the connection to remote address[] result: true 
2023-03-27 16:07:35,297 [SpringContextShutdownHook][] INFO  o.s.s.c.ThreadPoolTaskExecutor Shutting down ExecutorService 'applicationTaskExecutor' 
2023-03-27 16:07:35,299 [SpringContextShutdownHook][] INFO  c.a.d.p.DruidDataSource {dataSource-0} closing ... 
2023-03-27 16:46:01,037 [main][] INFO  o.s.b.t.c.SpringBootTestContextBootstrapper Neither @ContextConfiguration nor @ContextHierarchy found for test class [me.song.sys.mq.MQTest], using SpringBootContextLoader 
2023-03-27 16:46:01,041 [main][] INFO  o.s.t.c.s.AbstractContextLoader Could not detect default resource locations for test class [me.song.sys.mq.MQTest]: no resource found for suffixes {-context.xml, Context.groovy}. 
2023-03-27 16:46:01,151 [main][] INFO  o.s.b.t.c.SpringBootTestContextBootstrapper Loaded default TestExecutionListener class names from location [META-INF/spring.factories]: [org.springframework.boot.test.mock.mockito.MockitoTestExecutionListener, org.springframework.boot.test.mock.mockito.ResetMocksTestExecutionListener, org.springframework.boot.test.autoconfigure.restdocs.RestDocsTestExecutionListener, org.springframework.boot.test.autoconfigure.web.client.MockRestServiceServerResetTestExecutionListener, org.springframework.boot.test.autoconfigure.web.servlet.MockMvcPrintOnlyOnFailureTestExecutionListener, org.springframework.boot.test.autoconfigure.web.servlet.WebDriverTestExecutionListener, org.springframework.boot.test.autoconfigure.webservices.client.MockWebServiceServerTestExecutionListener, org.springframework.test.context.web.ServletTestExecutionListener, org.springframework.test.context.support.DirtiesContextBeforeModesTestExecutionListener, org.springframework.test.context.support.DependencyInjectionTestExecutionListener, org.springframework.test.context.support.DirtiesContextTestExecutionListener, org.springframework.test.context.transaction.TransactionalTestExecutionListener, org.springframework.test.context.jdbc.SqlScriptsTestExecutionListener, org.springframework.test.context.event.EventPublishingTestExecutionListener] 
2023-03-27 16:46:01,163 [main][] INFO  o.s.b.t.c.SpringBootTestContextBootstrapper Using TestExecutionListeners: [org.springframework.test.context.web.ServletTestExecutionListener@6cc4cdb9, org.springframework.test.context.support.DirtiesContextBeforeModesTestExecutionListener@28194a50, org.springframework.boot.test.mock.mockito.MockitoTestExecutionListener@7f2cfe3f, org.springframework.boot.test.autoconfigure.SpringBootDependencyInjectionTestExecutionListener@1a5b6f42, org.springframework.test.context.support.DirtiesContextTestExecutionListener@5038d0b5, org.springframework.test.context.transaction.TransactionalTestExecutionListener@32115b28, org.springframework.test.context.jdbc.SqlScriptsTestExecutionListener@2ad48653, org.springframework.test.context.event.EventPublishingTestExecutionListener@6bb4dd34, org.springframework.boot.test.mock.mockito.ResetMocksTestExecutionListener@7d9f158f, org.springframework.boot.test.autoconfigure.restdocs.RestDocsTestExecutionListener@45efd90f, org.springframework.boot.test.autoconfigure.web.client.MockRestServiceServerResetTestExecutionListener@4b8729ff, org.springframework.boot.test.autoconfigure.web.servlet.MockMvcPrintOnlyOnFailureTestExecutionListener@61710c6, org.springframework.boot.test.autoconfigure.web.servlet.WebDriverTestExecutionListener@3214ee6, org.springframework.boot.test.autoconfigure.webservices.client.MockWebServiceServerTestExecutionListener@383dc82c] 
2023-03-27 16:46:01,389 [main][] INFO  m.s.s.mq.MQTest Starting MQTest using Java 1.8.0_102 on songwe with PID 25576 (started by 13965 in D:\WorkSpace\wrokspace-spring\service-admin\service-sys) 
2023-03-27 16:46:01,390 [main][] INFO  m.s.s.mq.MQTest No active profile set, falling back to default profiles: default 
2023-03-27 16:46:01,962 [main][] INFO  o.s.d.r.c.RepositoryConfigurationDelegate Multiple Spring Data modules found, entering strict repository configuration mode! 
2023-03-27 16:46:01,964 [main][] INFO  o.s.d.r.c.RepositoryConfigurationDelegate Bootstrapping Spring Data Redis repositories in DEFAULT mode. 
2023-03-27 16:46:01,985 [main][] INFO  o.s.d.r.c.RepositoryConfigurationDelegate Finished Spring Data repository scanning in 11 ms. Found 0 Redis repository interfaces. 
2023-03-27 16:46:02,435 [main][] INFO  o.s.c.s.PostProcessorRegistrationDelegate$BeanPostProcessorChecker Bean 'org.springframework.security.access.expression.method.DefaultMethodSecurityExpressionHandler@294f9d50' of type [org.springframework.security.access.expression.method.DefaultMethodSecurityExpressionHandler] is not eligible for getting processed by all BeanPostProcessors (for example: not eligible for auto-proxying) 
2023-03-27 16:46:02,448 [main][] INFO  o.s.c.s.PostProcessorRegistrationDelegate$BeanPostProcessorChecker Bean 'methodSecurityMetadataSource' of type [org.springframework.security.access.method.DelegatingMethodSecurityMetadataSource] is not eligible for getting processed by all BeanPostProcessors (for example: not eligible for auto-proxying) 
2023-03-27 16:46:03,006 [main][] INFO  m.s.s.r.s.i.StandaloneConfigImpl 初始化[单机部署]方式Config,redisAddress:127.0.0.1:6379 
2023-03-27 16:46:03,345 [main][] INFO  o.r.Version Redisson 3.5.4 
2023-03-27 16:46:03,882 [redisson-netty-4-27][] INFO  o.r.c.p.MasterConnectionPool 10 connections initialized for /127.0.0.1:6379 
2023-03-27 16:46:03,882 [redisson-netty-4-2][] INFO  o.r.c.p.MasterPubSubConnectionPool 1 connections initialized for /127.0.0.1:6379 
2023-03-27 16:46:03,886 [main][] INFO  m.s.s.r.c.RedisConfig [RedisManager]装配完成，当前连接方式:standalone,连接地址:127.0.0.1:6379 
2023-03-27 16:46:05,467 [main][] INFO  s.d.s.w.PropertySourcedRequestMappingHandlerMapping Mapped URL path [/v2/api-docs] onto method [springfox.documentation.swagger2.web.Swagger2Controller#getDocumentation(String, HttpServletRequest)] 
2023-03-27 16:46:05,833 [main][] INFO  o.s.s.c.ThreadPoolTaskExecutor Initializing ExecutorService 'applicationTaskExecutor' 
2023-03-27 16:46:06,451 [main][] INFO  o.s.s.w.DefaultSecurityFilterChain Will secure Ant [pattern='/swagger-ui.html'] with [] 
2023-03-27 16:46:06,451 [main][] INFO  o.s.s.w.DefaultSecurityFilterChain Will secure Ant [pattern='/swagger-resources/**'] with [] 
2023-03-27 16:46:06,451 [main][] INFO  o.s.s.w.DefaultSecurityFilterChain Will secure Ant [pattern='/webjars/**'] with [] 
2023-03-27 16:46:06,451 [main][] INFO  o.s.s.w.DefaultSecurityFilterChain Will secure Ant [pattern='/v2/**'] with [] 
2023-03-27 16:46:06,451 [main][] INFO  o.s.s.w.DefaultSecurityFilterChain Will secure Ant [pattern='/api/**'] with [] 
2023-03-27 16:46:06,533 [main][] INFO  o.s.s.w.DefaultSecurityFilterChain Will secure any request with [org.springframework.security.web.context.request.async.WebAsyncManagerIntegrationFilter@4805069b, org.springframework.security.web.context.SecurityContextPersistenceFilter@a240452, org.springframework.security.web.header.HeaderWriterFilter@2b80497f, org.springframework.web.filter.CorsFilter@14ca88bc, org.springframework.security.web.authentication.logout.LogoutFilter@49925d21, me.song.sys.security.filter.LoginAuthenticationFilter@f01fc6d, me.song.sys.security.filter.TokenFilter@85cd413, org.springframework.security.web.savedrequest.RequestCacheAwareFilter@6d7e2795, org.springframework.security.web.servletapi.SecurityContextHolderAwareRequestFilter@35d88a54, org.springframework.security.web.authentication.AnonymousAuthenticationFilter@688d2a5d, org.springframework.security.web.session.SessionManagementFilter@4c000cc4, org.springframework.security.web.access.ExceptionTranslationFilter@736788b, org.springframework.security.web.access.intercept.FilterSecurityInterceptor@1e9d7366]
2023-03-27 16:46:06,624 [main][] INFO  s.d.s.w.p.DocumentationPluginsBootstrapper Context refreshed 
2023-03-27 16:46:06,646 [main][] INFO  s.d.s.w.p.DocumentationPluginsBootstrapper Found 1 custom documentation plugin(s) 
2023-03-27 16:46:06,684 [main][] INFO  s.d.s.w.s.ApiListingReferenceScanner Scanning for api listing references 
2023-03-27 16:46:06,770 [main][] WARN  s.d.s.w.r.p.ParameterDataTypeReader Trying to infer dataType java.lang.Long[] 
2023-03-27 16:46:06,814 [main][] INFO  m.s.s.mq.MQTest Started MQTest in 5.621 seconds (JVM running for 6.261) 
2023-03-27 16:46:08,191 [NettyClientSelector_1][] INFO  RocketmqRemoting closeChannel: close the connection to remote address[127.0.0.1:10911] result: true 
2023-03-27 16:46:08,192 [NettyClientSelector_1][] INFO  RocketmqRemoting closeChannel: close the connection to remote address[127.0.0.1:10911] result: true 
2023-03-27 16:46:08,193 [NettyClientSelector_1][] INFO  RocketmqRemoting closeChannel: close the connection to remote address[127.0.0.1:9876] result: true 
2023-03-27 16:46:08,204 [SpringContextShutdownHook][] INFO  o.s.s.c.ThreadPoolTaskExecutor Shutting down ExecutorService 'applicationTaskExecutor' 
2023-03-27 16:46:08,208 [SpringContextShutdownHook][] INFO  c.a.d.p.DruidDataSource {dataSource-0} closing ... 
2023-03-27 18:43:41,414 [main][] INFO  o.s.b.t.c.SpringBootTestContextBootstrapper Neither @ContextConfiguration nor @ContextHierarchy found for test class [me.song.sys.mq.MQTest], using SpringBootContextLoader 
2023-03-27 18:43:41,419 [main][] INFO  o.s.t.c.s.AbstractContextLoader Could not detect default resource locations for test class [me.song.sys.mq.MQTest]: no resource found for suffixes {-context.xml, Context.groovy}. 
2023-03-27 18:43:41,574 [main][] INFO  o.s.b.t.c.SpringBootTestContextBootstrapper Loaded default TestExecutionListener class names from location [META-INF/spring.factories]: [org.springframework.boot.test.mock.mockito.MockitoTestExecutionListener, org.springframework.boot.test.mock.mockito.ResetMocksTestExecutionListener, org.springframework.boot.test.autoconfigure.restdocs.RestDocsTestExecutionListener, org.springframework.boot.test.autoconfigure.web.client.MockRestServiceServerResetTestExecutionListener, org.springframework.boot.test.autoconfigure.web.servlet.MockMvcPrintOnlyOnFailureTestExecutionListener, org.springframework.boot.test.autoconfigure.web.servlet.WebDriverTestExecutionListener, org.springframework.boot.test.autoconfigure.webservices.client.MockWebServiceServerTestExecutionListener, org.springframework.test.context.web.ServletTestExecutionListener, org.springframework.test.context.support.DirtiesContextBeforeModesTestExecutionListener, org.springframework.test.context.support.DependencyInjectionTestExecutionListener, org.springframework.test.context.support.DirtiesContextTestExecutionListener, org.springframework.test.context.transaction.TransactionalTestExecutionListener, org.springframework.test.context.jdbc.SqlScriptsTestExecutionListener, org.springframework.test.context.event.EventPublishingTestExecutionListener] 
2023-03-27 18:43:41,591 [main][] INFO  o.s.b.t.c.SpringBootTestContextBootstrapper Using TestExecutionListeners: [org.springframework.test.context.web.ServletTestExecutionListener@6cc4cdb9, org.springframework.test.context.support.DirtiesContextBeforeModesTestExecutionListener@28194a50, org.springframework.boot.test.mock.mockito.MockitoTestExecutionListener@7f2cfe3f, org.springframework.boot.test.autoconfigure.SpringBootDependencyInjectionTestExecutionListener@1a5b6f42, org.springframework.test.context.support.DirtiesContextTestExecutionListener@5038d0b5, org.springframework.test.context.transaction.TransactionalTestExecutionListener@32115b28, org.springframework.test.context.jdbc.SqlScriptsTestExecutionListener@2ad48653, org.springframework.test.context.event.EventPublishingTestExecutionListener@6bb4dd34, org.springframework.boot.test.mock.mockito.ResetMocksTestExecutionListener@7d9f158f, org.springframework.boot.test.autoconfigure.restdocs.RestDocsTestExecutionListener@45efd90f, org.springframework.boot.test.autoconfigure.web.client.MockRestServiceServerResetTestExecutionListener@4b8729ff, org.springframework.boot.test.autoconfigure.web.servlet.MockMvcPrintOnlyOnFailureTestExecutionListener@61710c6, org.springframework.boot.test.autoconfigure.web.servlet.WebDriverTestExecutionListener@3214ee6, org.springframework.boot.test.autoconfigure.webservices.client.MockWebServiceServerTestExecutionListener@383dc82c] 
2023-03-27 18:43:41,856 [main][] INFO  m.s.s.mq.MQTest Starting MQTest using Java 1.8.0_102 on songwe with PID 15212 (started by 13965 in D:\WorkSpace\wrokspace-spring\service-admin\service-sys) 
2023-03-27 18:43:41,857 [main][] INFO  m.s.s.mq.MQTest No active profile set, falling back to default profiles: default 
2023-03-27 18:43:42,544 [main][] INFO  o.s.d.r.c.RepositoryConfigurationDelegate Multiple Spring Data modules found, entering strict repository configuration mode! 
2023-03-27 18:43:42,546 [main][] INFO  o.s.d.r.c.RepositoryConfigurationDelegate Bootstrapping Spring Data Redis repositories in DEFAULT mode. 
2023-03-27 18:43:42,567 [main][] INFO  o.s.d.r.c.RepositoryConfigurationDelegate Finished Spring Data repository scanning in 11 ms. Found 0 Redis repository interfaces. 
2023-03-27 18:43:43,079 [main][] INFO  o.s.c.s.PostProcessorRegistrationDelegate$BeanPostProcessorChecker Bean 'org.springframework.security.access.expression.method.DefaultMethodSecurityExpressionHandler@101ca8da' of type [org.springframework.security.access.expression.method.DefaultMethodSecurityExpressionHandler] is not eligible for getting processed by all BeanPostProcessors (for example: not eligible for auto-proxying) 
2023-03-27 18:43:43,086 [main][] INFO  o.s.c.s.PostProcessorRegistrationDelegate$BeanPostProcessorChecker Bean 'methodSecurityMetadataSource' of type [org.springframework.security.access.method.DelegatingMethodSecurityMetadataSource] is not eligible for getting processed by all BeanPostProcessors (for example: not eligible for auto-proxying) 
2023-03-27 18:43:43,656 [main][] INFO  m.s.s.r.s.i.StandaloneConfigImpl 初始化[单机部署]方式Config,redisAddress:127.0.0.1:6379 
2023-03-27 18:43:44,052 [main][] INFO  o.r.Version Redisson 3.5.4 
2023-03-27 18:43:44,600 [redisson-netty-4-28][] INFO  o.r.c.p.MasterPubSubConnectionPool 1 connections initialized for /127.0.0.1:6379 
2023-03-27 18:43:44,600 [redisson-netty-4-25][] INFO  o.r.c.p.MasterConnectionPool 10 connections initialized for /127.0.0.1:6379 
2023-03-27 18:43:44,605 [main][] INFO  m.s.s.r.c.RedisConfig [RedisManager]装配完成，当前连接方式:standalone,连接地址:127.0.0.1:6379 
2023-03-27 18:43:46,252 [main][] INFO  s.d.s.w.PropertySourcedRequestMappingHandlerMapping Mapped URL path [/v2/api-docs] onto method [springfox.documentation.swagger2.web.Swagger2Controller#getDocumentation(String, HttpServletRequest)] 
2023-03-27 18:43:46,565 [main][] INFO  o.s.s.c.ThreadPoolTaskExecutor Initializing ExecutorService 'applicationTaskExecutor' 
2023-03-27 18:43:47,170 [main][] INFO  o.s.s.w.DefaultSecurityFilterChain Will secure Ant [pattern='/swagger-ui.html'] with [] 
2023-03-27 18:43:47,170 [main][] INFO  o.s.s.w.DefaultSecurityFilterChain Will secure Ant [pattern='/swagger-resources/**'] with [] 
2023-03-27 18:43:47,171 [main][] INFO  o.s.s.w.DefaultSecurityFilterChain Will secure Ant [pattern='/webjars/**'] with [] 
2023-03-27 18:43:47,171 [main][] INFO  o.s.s.w.DefaultSecurityFilterChain Will secure Ant [pattern='/v2/**'] with [] 
2023-03-27 18:43:47,171 [main][] INFO  o.s.s.w.DefaultSecurityFilterChain Will secure Ant [pattern='/api/**'] with [] 
2023-03-27 18:43:47,254 [main][] INFO  o.s.s.w.DefaultSecurityFilterChain Will secure any request with [org.springframework.security.web.context.request.async.WebAsyncManagerIntegrationFilter@4ea48b2e, org.springframework.security.web.context.SecurityContextPersistenceFilter@35cbeb54, org.springframework.security.web.header.HeaderWriterFilter@6d7e2795, org.springframework.web.filter.CorsFilter@72c704f1, org.springframework.security.web.authentication.logout.LogoutFilter@26f480c6, me.song.sys.security.filter.LoginAuthenticationFilter@76f9e000, me.song.sys.security.filter.TokenFilter@7612116b, org.springframework.security.web.savedrequest.RequestCacheAwareFilter@74619273, org.springframework.security.web.servletapi.SecurityContextHolderAwareRequestFilter@4a5b38e6, org.springframework.security.web.authentication.AnonymousAuthenticationFilter@1c05097c, org.springframework.security.web.session.SessionManagementFilter@752494dd, org.springframework.security.web.access.ExceptionTranslationFilter@1d5048d1, org.springframework.security.web.access.intercept.FilterSecurityInterceptor@1c62d2ad]
2023-03-27 18:43:47,344 [main][] INFO  s.d.s.w.p.DocumentationPluginsBootstrapper Context refreshed 
2023-03-27 18:43:47,371 [main][] INFO  s.d.s.w.p.DocumentationPluginsBootstrapper Found 1 custom documentation plugin(s) 
2023-03-27 18:43:47,413 [main][] INFO  s.d.s.w.s.ApiListingReferenceScanner Scanning for api listing references 
2023-03-27 18:43:47,500 [main][] WARN  s.d.s.w.r.p.ParameterDataTypeReader Trying to infer dataType java.lang.Long[] 
2023-03-27 18:43:47,575 [main][] INFO  m.s.s.mq.MQTest Started MQTest in 5.948 seconds (JVM running for 6.859) 
2023-03-27 18:43:48,885 [NettyClientSelector_1][] INFO  RocketmqRemoting closeChannel: close the connection to remote address[] result: true 
2023-03-27 18:43:48,888 [NettyClientSelector_1][] INFO  RocketmqRemoting closeChannel: close the connection to remote address[] result: true 
2023-03-27 18:43:48,890 [NettyClientSelector_1][] INFO  RocketmqRemoting closeChannel: close the connection to remote address[] result: true 
2023-03-27 18:43:48,906 [SpringContextShutdownHook][] INFO  o.s.s.c.ThreadPoolTaskExecutor Shutting down ExecutorService 'applicationTaskExecutor' 
2023-03-27 18:43:48,907 [SpringContextShutdownHook][] INFO  c.a.d.p.DruidDataSource {dataSource-0} closing ... 
2023-03-27 18:53:54,363 [main][] INFO  o.s.b.t.c.SpringBootTestContextBootstrapper Neither @ContextConfiguration nor @ContextHierarchy found for test class [me.song.sys.mq.MQTest], using SpringBootContextLoader 
2023-03-27 18:53:54,366 [main][] INFO  o.s.t.c.s.AbstractContextLoader Could not detect default resource locations for test class [me.song.sys.mq.MQTest]: no resource found for suffixes {-context.xml, Context.groovy}. 
2023-03-27 18:53:54,475 [main][] INFO  o.s.b.t.c.SpringBootTestContextBootstrapper Loaded default TestExecutionListener class names from location [META-INF/spring.factories]: [org.springframework.boot.test.mock.mockito.MockitoTestExecutionListener, org.springframework.boot.test.mock.mockito.ResetMocksTestExecutionListener, org.springframework.boot.test.autoconfigure.restdocs.RestDocsTestExecutionListener, org.springframework.boot.test.autoconfigure.web.client.MockRestServiceServerResetTestExecutionListener, org.springframework.boot.test.autoconfigure.web.servlet.MockMvcPrintOnlyOnFailureTestExecutionListener, org.springframework.boot.test.autoconfigure.web.servlet.WebDriverTestExecutionListener, org.springframework.boot.test.autoconfigure.webservices.client.MockWebServiceServerTestExecutionListener, org.springframework.test.context.web.ServletTestExecutionListener, org.springframework.test.context.support.DirtiesContextBeforeModesTestExecutionListener, org.springframework.test.context.support.DependencyInjectionTestExecutionListener, org.springframework.test.context.support.DirtiesContextTestExecutionListener, org.springframework.test.context.transaction.TransactionalTestExecutionListener, org.springframework.test.context.jdbc.SqlScriptsTestExecutionListener, org.springframework.test.context.event.EventPublishingTestExecutionListener] 
2023-03-27 18:53:54,487 [main][] INFO  o.s.b.t.c.SpringBootTestContextBootstrapper Using TestExecutionListeners: [org.springframework.test.context.web.ServletTestExecutionListener@6cc4cdb9, org.springframework.test.context.support.DirtiesContextBeforeModesTestExecutionListener@28194a50, org.springframework.boot.test.mock.mockito.MockitoTestExecutionListener@7f2cfe3f, org.springframework.boot.test.autoconfigure.SpringBootDependencyInjectionTestExecutionListener@1a5b6f42, org.springframework.test.context.support.DirtiesContextTestExecutionListener@5038d0b5, org.springframework.test.context.transaction.TransactionalTestExecutionListener@32115b28, org.springframework.test.context.jdbc.SqlScriptsTestExecutionListener@2ad48653, org.springframework.test.context.event.EventPublishingTestExecutionListener@6bb4dd34, org.springframework.boot.test.mock.mockito.ResetMocksTestExecutionListener@7d9f158f, org.springframework.boot.test.autoconfigure.restdocs.RestDocsTestExecutionListener@45efd90f, org.springframework.boot.test.autoconfigure.web.client.MockRestServiceServerResetTestExecutionListener@4b8729ff, org.springframework.boot.test.autoconfigure.web.servlet.MockMvcPrintOnlyOnFailureTestExecutionListener@61710c6, org.springframework.boot.test.autoconfigure.web.servlet.WebDriverTestExecutionListener@3214ee6, org.springframework.boot.test.autoconfigure.webservices.client.MockWebServiceServerTestExecutionListener@383dc82c] 
2023-03-27 18:53:54,704 [main][] INFO  m.s.s.mq.MQTest Starting MQTest using Java 1.8.0_102 on songwe with PID 25384 (started by 13965 in D:\WorkSpace\wrokspace-spring\service-admin\service-sys) 
2023-03-27 18:53:54,705 [main][] INFO  m.s.s.mq.MQTest No active profile set, falling back to default profiles: default 
2023-03-27 18:53:55,302 [main][] INFO  o.s.d.r.c.RepositoryConfigurationDelegate Multiple Spring Data modules found, entering strict repository configuration mode! 
2023-03-27 18:53:55,304 [main][] INFO  o.s.d.r.c.RepositoryConfigurationDelegate Bootstrapping Spring Data Redis repositories in DEFAULT mode. 
2023-03-27 18:53:55,321 [main][] INFO  o.s.d.r.c.RepositoryConfigurationDelegate Finished Spring Data repository scanning in 10 ms. Found 0 Redis repository interfaces. 
2023-03-27 18:53:55,751 [main][] INFO  o.s.c.s.PostProcessorRegistrationDelegate$BeanPostProcessorChecker Bean 'org.springframework.security.access.expression.method.DefaultMethodSecurityExpressionHandler@294f9d50' of type [org.springframework.security.access.expression.method.DefaultMethodSecurityExpressionHandler] is not eligible for getting processed by all BeanPostProcessors (for example: not eligible for auto-proxying) 
2023-03-27 18:53:55,764 [main][] INFO  o.s.c.s.PostProcessorRegistrationDelegate$BeanPostProcessorChecker Bean 'methodSecurityMetadataSource' of type [org.springframework.security.access.method.DelegatingMethodSecurityMetadataSource] is not eligible for getting processed by all BeanPostProcessors (for example: not eligible for auto-proxying) 
2023-03-27 18:53:56,294 [main][] INFO  m.s.s.r.s.i.StandaloneConfigImpl 初始化[单机部署]方式Config,redisAddress:127.0.0.1:6379 
2023-03-27 18:53:56,644 [main][] INFO  o.r.Version Redisson 3.5.4 
2023-03-27 18:53:57,145 [redisson-netty-4-31][] INFO  o.r.c.p.MasterConnectionPool 10 connections initialized for /127.0.0.1:6379 
2023-03-27 18:53:57,145 [redisson-netty-4-29][] INFO  o.r.c.p.MasterPubSubConnectionPool 1 connections initialized for /127.0.0.1:6379 
2023-03-27 18:53:57,150 [main][] INFO  m.s.s.r.c.RedisConfig [RedisManager]装配完成，当前连接方式:standalone,连接地址:127.0.0.1:6379 
2023-03-27 18:53:58,681 [main][] INFO  s.d.s.w.PropertySourcedRequestMappingHandlerMapping Mapped URL path [/v2/api-docs] onto method [springfox.documentation.swagger2.web.Swagger2Controller#getDocumentation(String, HttpServletRequest)] 
2023-03-27 18:53:59,023 [main][] INFO  o.s.s.c.ThreadPoolTaskExecutor Initializing ExecutorService 'applicationTaskExecutor' 
2023-03-27 18:53:59,614 [main][] INFO  o.s.s.w.DefaultSecurityFilterChain Will secure Ant [pattern='/swagger-ui.html'] with [] 
2023-03-27 18:53:59,615 [main][] INFO  o.s.s.w.DefaultSecurityFilterChain Will secure Ant [pattern='/swagger-resources/**'] with [] 
2023-03-27 18:53:59,615 [main][] INFO  o.s.s.w.DefaultSecurityFilterChain Will secure Ant [pattern='/webjars/**'] with [] 
2023-03-27 18:53:59,615 [main][] INFO  o.s.s.w.DefaultSecurityFilterChain Will secure Ant [pattern='/v2/**'] with [] 
2023-03-27 18:53:59,615 [main][] INFO  o.s.s.w.DefaultSecurityFilterChain Will secure Ant [pattern='/api/**'] with [] 
2023-03-27 18:53:59,704 [main][] INFO  o.s.s.w.DefaultSecurityFilterChain Will secure any request with [org.springframework.security.web.context.request.async.WebAsyncManagerIntegrationFilter@2820b369, org.springframework.security.web.context.SecurityContextPersistenceFilter@1d5048d1, org.springframework.security.web.header.HeaderWriterFilter@460e5ffe, org.springframework.web.filter.CorsFilter@46b21632, org.springframework.security.web.authentication.logout.LogoutFilter@2e0163cb, me.song.sys.security.filter.LoginAuthenticationFilter@476c137b, me.song.sys.security.filter.TokenFilter@79144d0e, org.springframework.security.web.savedrequest.RequestCacheAwareFilter@3d4818e8, org.springframework.security.web.servletapi.SecurityContextHolderAwareRequestFilter@1939a394, org.springframework.security.web.authentication.AnonymousAuthenticationFilter@540212be, org.springframework.security.web.session.SessionManagementFilter@7cecab19, org.springframework.security.web.access.ExceptionTranslationFilter@6ef4297d, org.springframework.security.web.access.intercept.FilterSecurityInterceptor@1dd76982]
2023-03-27 18:53:59,795 [main][] INFO  s.d.s.w.p.DocumentationPluginsBootstrapper Context refreshed 
2023-03-27 18:53:59,815 [main][] INFO  s.d.s.w.p.DocumentationPluginsBootstrapper Found 1 custom documentation plugin(s) 
2023-03-27 18:53:59,853 [main][] INFO  s.d.s.w.s.ApiListingReferenceScanner Scanning for api listing references 
2023-03-27 18:53:59,934 [main][] WARN  s.d.s.w.r.p.ParameterDataTypeReader Trying to infer dataType java.lang.Long[] 
2023-03-27 18:53:59,985 [main][] INFO  m.s.s.mq.MQTest Started MQTest in 5.47 seconds (JVM running for 6.093) 
2023-03-27 18:54:03,369 [NettyClientSelector_1][] INFO  RocketmqRemoting closeChannel: close the connection to remote address[] result: true 
2023-03-27 18:54:05,414 [NettyClientSelector_1][] INFO  RocketmqRemoting closeChannel: close the connection to remote address[] result: true 
2023-03-27 18:54:07,457 [NettyClientSelector_1][] INFO  RocketmqRemoting closeChannel: close the connection to remote address[] result: true 
2023-03-27 18:54:07,490 [SpringContextShutdownHook][] INFO  o.s.s.c.ThreadPoolTaskExecutor Shutting down ExecutorService 'applicationTaskExecutor' 
2023-03-27 18:54:07,492 [SpringContextShutdownHook][] INFO  c.a.d.p.DruidDataSource {dataSource-0} closing ... 
2023-03-27 19:24:48,340 [main][] INFO  o.s.b.t.c.SpringBootTestContextBootstrapper Neither @ContextConfiguration nor @ContextHierarchy found for test class [me.song.sys.mq.MQTest], using SpringBootContextLoader 
2023-03-27 19:24:48,343 [main][] INFO  o.s.t.c.s.AbstractContextLoader Could not detect default resource locations for test class [me.song.sys.mq.MQTest]: no resource found for suffixes {-context.xml, Context.groovy}. 
2023-03-27 19:24:48,454 [main][] INFO  o.s.b.t.c.SpringBootTestContextBootstrapper Loaded default TestExecutionListener class names from location [META-INF/spring.factories]: [org.springframework.boot.test.mock.mockito.MockitoTestExecutionListener, org.springframework.boot.test.mock.mockito.ResetMocksTestExecutionListener, org.springframework.boot.test.autoconfigure.restdocs.RestDocsTestExecutionListener, org.springframework.boot.test.autoconfigure.web.client.MockRestServiceServerResetTestExecutionListener, org.springframework.boot.test.autoconfigure.web.servlet.MockMvcPrintOnlyOnFailureTestExecutionListener, org.springframework.boot.test.autoconfigure.web.servlet.WebDriverTestExecutionListener, org.springframework.boot.test.autoconfigure.webservices.client.MockWebServiceServerTestExecutionListener, org.springframework.test.context.web.ServletTestExecutionListener, org.springframework.test.context.support.DirtiesContextBeforeModesTestExecutionListener, org.springframework.test.context.support.DependencyInjectionTestExecutionListener, org.springframework.test.context.support.DirtiesContextTestExecutionListener, org.springframework.test.context.transaction.TransactionalTestExecutionListener, org.springframework.test.context.jdbc.SqlScriptsTestExecutionListener, org.springframework.test.context.event.EventPublishingTestExecutionListener] 
2023-03-27 19:24:48,464 [main][] INFO  o.s.b.t.c.SpringBootTestContextBootstrapper Using TestExecutionListeners: [org.springframework.test.context.web.ServletTestExecutionListener@6cc4cdb9, org.springframework.test.context.support.DirtiesContextBeforeModesTestExecutionListener@28194a50, org.springframework.boot.test.mock.mockito.MockitoTestExecutionListener@7f2cfe3f, org.springframework.boot.test.autoconfigure.SpringBootDependencyInjectionTestExecutionListener@1a5b6f42, org.springframework.test.context.support.DirtiesContextTestExecutionListener@5038d0b5, org.springframework.test.context.transaction.TransactionalTestExecutionListener@32115b28, org.springframework.test.context.jdbc.SqlScriptsTestExecutionListener@2ad48653, org.springframework.test.context.event.EventPublishingTestExecutionListener@6bb4dd34, org.springframework.boot.test.mock.mockito.ResetMocksTestExecutionListener@7d9f158f, org.springframework.boot.test.autoconfigure.restdocs.RestDocsTestExecutionListener@45efd90f, org.springframework.boot.test.autoconfigure.web.client.MockRestServiceServerResetTestExecutionListener@4b8729ff, org.springframework.boot.test.autoconfigure.web.servlet.MockMvcPrintOnlyOnFailureTestExecutionListener@61710c6, org.springframework.boot.test.autoconfigure.web.servlet.WebDriverTestExecutionListener@3214ee6, org.springframework.boot.test.autoconfigure.webservices.client.MockWebServiceServerTestExecutionListener@383dc82c] 
2023-03-27 19:24:48,689 [main][] INFO  m.s.s.mq.MQTest Starting MQTest using Java 1.8.0_102 on songwe with PID 30688 (started by 13965 in D:\WorkSpace\wrokspace-spring\service-admin\service-sys) 
2023-03-27 19:24:48,691 [main][] INFO  m.s.s.mq.MQTest No active profile set, falling back to default profiles: default 
2023-03-27 19:24:49,243 [main][] INFO  o.s.d.r.c.RepositoryConfigurationDelegate Multiple Spring Data modules found, entering strict repository configuration mode! 
2023-03-27 19:24:49,244 [main][] INFO  o.s.d.r.c.RepositoryConfigurationDelegate Bootstrapping Spring Data Redis repositories in DEFAULT mode. 
2023-03-27 19:24:49,262 [main][] INFO  o.s.d.r.c.RepositoryConfigurationDelegate Finished Spring Data repository scanning in 10 ms. Found 0 Redis repository interfaces. 
2023-03-27 19:24:49,684 [main][] INFO  o.s.c.s.PostProcessorRegistrationDelegate$BeanPostProcessorChecker Bean 'org.springframework.security.access.expression.method.DefaultMethodSecurityExpressionHandler@3ddb774f' of type [org.springframework.security.access.expression.method.DefaultMethodSecurityExpressionHandler] is not eligible for getting processed by all BeanPostProcessors (for example: not eligible for auto-proxying) 
2023-03-27 19:24:49,697 [main][] INFO  o.s.c.s.PostProcessorRegistrationDelegate$BeanPostProcessorChecker Bean 'methodSecurityMetadataSource' of type [org.springframework.security.access.method.DelegatingMethodSecurityMetadataSource] is not eligible for getting processed by all BeanPostProcessors (for example: not eligible for auto-proxying) 
2023-03-27 19:24:50,209 [main][] INFO  m.s.s.r.s.i.StandaloneConfigImpl 初始化[单机部署]方式Config,redisAddress:127.0.0.1:6379 
2023-03-27 19:24:50,554 [main][] INFO  o.r.Version Redisson 3.5.4 
2023-03-27 19:24:51,103 [redisson-netty-4-2][] INFO  o.r.c.p.MasterPubSubConnectionPool 1 connections initialized for /127.0.0.1:6379 
2023-03-27 19:24:51,103 [redisson-netty-4-24][] INFO  o.r.c.p.MasterConnectionPool 10 connections initialized for /127.0.0.1:6379 
2023-03-27 19:24:51,108 [main][] INFO  m.s.s.r.c.RedisConfig [RedisManager]装配完成，当前连接方式:standalone,连接地址:127.0.0.1:6379 
2023-03-27 19:24:52,605 [main][] INFO  s.d.s.w.PropertySourcedRequestMappingHandlerMapping Mapped URL path [/v2/api-docs] onto method [springfox.documentation.swagger2.web.Swagger2Controller#getDocumentation(String, HttpServletRequest)] 
2023-03-27 19:24:52,923 [main][] INFO  o.s.s.c.ThreadPoolTaskExecutor Initializing ExecutorService 'applicationTaskExecutor' 
2023-03-27 19:24:53,476 [main][] INFO  o.s.s.w.DefaultSecurityFilterChain Will secure Ant [pattern='/swagger-ui.html'] with [] 
2023-03-27 19:24:53,476 [main][] INFO  o.s.s.w.DefaultSecurityFilterChain Will secure Ant [pattern='/swagger-resources/**'] with [] 
2023-03-27 19:24:53,476 [main][] INFO  o.s.s.w.DefaultSecurityFilterChain Will secure Ant [pattern='/webjars/**'] with [] 
2023-03-27 19:24:53,477 [main][] INFO  o.s.s.w.DefaultSecurityFilterChain Will secure Ant [pattern='/v2/**'] with [] 
2023-03-27 19:24:53,477 [main][] INFO  o.s.s.w.DefaultSecurityFilterChain Will secure Ant [pattern='/api/**'] with [] 
2023-03-27 19:24:53,560 [main][] INFO  o.s.s.w.DefaultSecurityFilterChain Will secure any request with [org.springframework.security.web.context.request.async.WebAsyncManagerIntegrationFilter@46b21632, org.springframework.security.web.context.SecurityContextPersistenceFilter@47d9c01, org.springframework.security.web.header.HeaderWriterFilter@1a4cbcc6, org.springframework.web.filter.CorsFilter@476c137b, org.springframework.security.web.authentication.logout.LogoutFilter@6b289535, me.song.sys.security.filter.LoginAuthenticationFilter@79144d0e, me.song.sys.security.filter.TokenFilter@540212be, org.springframework.security.web.savedrequest.RequestCacheAwareFilter@26c6288d, org.springframework.security.web.servletapi.SecurityContextHolderAwareRequestFilter@e2c627e, org.springframework.security.web.authentication.AnonymousAuthenticationFilter@2579d8a, org.springframework.security.web.session.SessionManagementFilter@56402642, org.springframework.security.web.access.ExceptionTranslationFilter@4c000cc4, org.springframework.security.web.access.intercept.FilterSecurityInterceptor@7e76a66f]
2023-03-27 19:24:53,653 [main][] INFO  s.d.s.w.p.DocumentationPluginsBootstrapper Context refreshed 
2023-03-27 19:24:53,677 [main][] INFO  s.d.s.w.p.DocumentationPluginsBootstrapper Found 1 custom documentation plugin(s) 
2023-03-27 19:24:53,715 [main][] INFO  s.d.s.w.s.ApiListingReferenceScanner Scanning for api listing references 
2023-03-27 19:24:53,797 [main][] WARN  s.d.s.w.r.p.ParameterDataTypeReader Trying to infer dataType java.lang.Long[] 
2023-03-27 19:24:53,864 [main][] INFO  m.s.s.mq.MQTest Started MQTest in 5.371 seconds (JVM running for 5.996) 
2023-03-27 19:24:55,057 [NettyClientSelector_1][] INFO  RocketmqRemoting closeChannel: close the connection to remote address[127.0.0.1:9876] result: true 
2023-03-27 19:24:55,058 [NettyClientSelector_1][] INFO  RocketmqRemoting closeChannel: close the connection to remote address[172.23.131.101:10911] result: true 
2023-03-27 19:24:55,073 [SpringContextShutdownHook][] INFO  o.s.s.c.ThreadPoolTaskExecutor Shutting down ExecutorService 'applicationTaskExecutor' 
2023-03-27 19:24:55,078 [SpringContextShutdownHook][] INFO  c.a.d.p.DruidDataSource {dataSource-0} closing ... 
