2022-06-01 00:02:41,256 [main][] INFO  c.a.e.EduApplication Starting EduApplication using Java 1.8.0_102 on LAPTOP-4AHHCIO7 with PID 13316 (D:\workspace\wrokspace-spring\guli-parent\service\service-edu\target\classes started by Songbing in D:\workspace\wrokspace-spring\guli-parent) 
2022-06-01 00:02:41,256 [main][] INFO  c.a.e.EduApplication No active profile set, falling back to default profiles: default 
2022-06-01 00:02:42,884 [main][] INFO  o.s.b.w.e.t.TomcatWebServer Tomcat initialized with port(s): 8080 (http) 
2022-06-01 00:02:42,893 [main][] INFO  o.a.c.h.Http11NioProtocol Initializing ProtocolHandler ["http-nio-8080"] 
2022-06-01 00:02:42,895 [main][] INFO  o.a.c.c.StandardService Starting service [Tomcat] 
2022-06-01 00:02:42,895 [main][] INFO  o.a.c.c.StandardEngine Starting Servlet engine: [Apache Tomcat/9.0.41] 
2022-06-01 00:02:42,997 [main][] INFO  o.a.c.c.C.[.[.[/] Initializing Spring embedded WebApplicationContext 
2022-06-01 00:02:42,997 [main][] INFO  o.s.b.w.s.c.ServletWebServerApplicationContext Root WebApplicationContext: initialization completed in 1681 ms 
2022-06-01 00:02:44,481 [main][] INFO  s.d.s.w.PropertySourcedRequestMappingHandlerMapping Mapped URL path [/v2/api-docs] onto method [springfox.documentation.swagger2.web.Swagger2Controller#getDocumentation(String, HttpServletRequest)] 
2022-06-01 00:02:44,551 [main][] INFO  o.s.s.c.ThreadPoolTaskExecutor Initializing ExecutorService 'applicationTaskExecutor' 
2022-06-01 00:02:44,741 [main][] INFO  o.a.c.h.Http11NioProtocol Starting ProtocolHandler ["http-nio-8080"] 
2022-06-01 00:02:44,761 [main][] INFO  o.s.b.w.e.t.TomcatWebServer Tomcat started on port(s): 8080 (http) with context path '' 
2022-06-01 00:02:44,761 [main][] INFO  s.d.s.w.p.DocumentationPluginsBootstrapper Context refreshed 
2022-06-01 00:02:44,771 [main][] INFO  s.d.s.w.p.DocumentationPluginsBootstrapper Found 1 custom documentation plugin(s) 
2022-06-01 00:02:44,810 [main][] INFO  s.d.s.w.s.ApiListingReferenceScanner Scanning for api listing references 
2022-06-01 00:02:44,976 [main][] INFO  c.a.e.EduApplication Started EduApplication in 4.271 seconds (JVM running for 5.537) 
2022-06-01 00:04:06,617 [http-nio-8080-exec-1][] INFO  o.a.c.c.C.[.[.[/] Initializing Spring DispatcherServlet 'dispatcherServlet' 
2022-06-01 00:04:06,617 [http-nio-8080-exec-1][] INFO  o.s.w.s.DispatcherServlet Initializing Servlet 'dispatcherServlet' 
2022-06-01 00:04:06,618 [http-nio-8080-exec-1][] INFO  o.s.w.s.DispatcherServlet Completed initialization in 1 ms 
2022-06-01 00:21:14,599 [main][] INFO  c.a.e.EduApplication Starting EduApplication using Java 1.8.0_102 on LAPTOP-4AHHCIO7 with PID 31424 (D:\workspace\wrokspace-spring\guli-parent\service\service-edu\target\classes started by Songbing in D:\workspace\wrokspace-spring\guli-parent) 
2022-06-01 00:21:14,609 [main][] INFO  c.a.e.EduApplication No active profile set, falling back to default profiles: default 
2022-06-01 00:21:15,942 [main][] INFO  o.s.b.w.e.t.TomcatWebServer Tomcat initialized with port(s): 8080 (http) 
2022-06-01 00:21:15,952 [main][] INFO  o.a.c.h.Http11NioProtocol Initializing ProtocolHandler ["http-nio-8080"] 
2022-06-01 00:21:15,952 [main][] INFO  o.a.c.c.StandardService Starting service [Tomcat] 
2022-06-01 00:21:15,952 [main][] INFO  o.a.c.c.StandardEngine Starting Servlet engine: [Apache Tomcat/9.0.41] 
2022-06-01 00:21:16,042 [main][] INFO  o.a.c.c.C.[.[.[/] Initializing Spring embedded WebApplicationContext 
2022-06-01 00:21:16,042 [main][] INFO  o.s.b.w.s.c.ServletWebServerApplicationContext Root WebApplicationContext: initialization completed in 1393 ms 
2022-06-01 00:21:17,426 [main][] INFO  s.d.s.w.PropertySourcedRequestMappingHandlerMapping Mapped URL path [/v2/api-docs] onto method [springfox.documentation.swagger2.web.Swagger2Controller#getDocumentation(String, HttpServletRequest)] 
2022-06-01 00:21:17,506 [main][] INFO  o.s.s.c.ThreadPoolTaskExecutor Initializing ExecutorService 'applicationTaskExecutor' 
2022-06-01 00:21:17,706 [main][] INFO  o.a.c.h.Http11NioProtocol Starting ProtocolHandler ["http-nio-8080"] 
2022-06-01 00:21:17,726 [main][] INFO  o.s.b.w.e.t.TomcatWebServer Tomcat started on port(s): 8080 (http) with context path '' 
2022-06-01 00:21:17,726 [main][] INFO  s.d.s.w.p.DocumentationPluginsBootstrapper Context refreshed 
2022-06-01 00:21:17,736 [main][] INFO  s.d.s.w.p.DocumentationPluginsBootstrapper Found 1 custom documentation plugin(s) 
2022-06-01 00:21:17,776 [main][] INFO  s.d.s.w.s.ApiListingReferenceScanner Scanning for api listing references 
2022-06-01 00:21:17,949 [main][] INFO  c.a.e.EduApplication Started EduApplication in 3.876 seconds (JVM running for 6.364) 
2022-06-01 00:21:32,102 [http-nio-8080-exec-1][] INFO  o.a.c.c.C.[.[.[/] Initializing Spring DispatcherServlet 'dispatcherServlet' 
2022-06-01 00:21:32,103 [http-nio-8080-exec-1][] INFO  o.s.w.s.DispatcherServlet Initializing Servlet 'dispatcherServlet' 
2022-06-01 00:21:32,106 [http-nio-8080-exec-1][] INFO  o.s.w.s.DispatcherServlet Completed initialization in 3 ms 
