2023-02-02 14:38:31,810 [http-nio-8082-exec-9][] WARN  c.a.d.p.DruidAbstractDataSource discard long time none received connection. , jdbcUrl : jdbc:mysql://localhost:3306/education?serverTimezone=UTC&useUnicode=true&characterEncoding=UTF-8, version : 1.2.8, lastPacketReceivedIdleMillis : 458080 
2023-02-02 14:38:47,274 [main][] INFO  m.s.SYSApplication Starting SYSApplication using Java 1.8.0_102 on LAPTOP-4AHHCIO7 with PID 14132 (D:\workspace\wrokspace-spring\guli-parent\service-sys\target\classes started by Songbing in D:\workspace\wrokspace-spring\guli-parent) 
2023-02-02 14:38:47,327 [main][] INFO  m.s.SYSApplication No active profile set, falling back to default profiles: default 
2023-02-02 14:38:49,219 [main][] INFO  o.s.d.r.c.RepositoryConfigurationDelegate Multiple Spring Data modules found, entering strict repository configuration mode! 
2023-02-02 14:38:49,224 [main][] INFO  o.s.d.r.c.RepositoryConfigurationDelegate Bootstrapping Spring Data Redis repositories in DEFAULT mode. 
2023-02-02 14:38:49,267 [main][] INFO  o.s.d.r.c.RepositoryConfigurationDelegate Finished Spring Data repository scanning in 20 ms. Found 0 Redis repository interfaces. 
2023-02-02 14:38:50,238 [main][] INFO  o.s.b.w.e.t.TomcatWebServer Tomcat initialized with port(s): 8082 (http) 
2023-02-02 14:38:50,251 [main][] INFO  o.a.c.h.Http11NioProtocol Initializing ProtocolHandler ["http-nio-8082"] 
2023-02-02 14:38:50,252 [main][] INFO  o.a.c.c.StandardService Starting service [Tomcat] 
2023-02-02 14:38:50,252 [main][] INFO  o.a.c.c.StandardEngine Starting Servlet engine: [Apache Tomcat/9.0.41] 
2023-02-02 14:38:50,441 [main][] INFO  o.a.c.c.C.[.[.[/] Initializing Spring embedded WebApplicationContext 
2023-02-02 14:38:50,442 [main][] INFO  o.s.b.w.s.c.ServletWebServerApplicationContext Root WebApplicationContext: initialization completed in 3010 ms 
2023-02-02 14:38:54,766 [main][] INFO  s.d.s.w.PropertySourcedRequestMappingHandlerMapping Mapped URL path [/v2/api-docs] onto method [springfox.documentation.swagger2.web.Swagger2Controller#getDocumentation(String, HttpServletRequest)] 
2023-02-02 14:38:54,905 [main][] INFO  o.s.s.c.ThreadPoolTaskExecutor Initializing ExecutorService 'applicationTaskExecutor' 
2023-02-02 14:38:55,403 [main][] INFO  o.s.s.w.DefaultSecurityFilterChain Will secure Ant [pattern='/swagger-ui.html'] with [] 
2023-02-02 14:38:55,404 [main][] INFO  o.s.s.w.DefaultSecurityFilterChain Will secure Ant [pattern='/swagger-resources/**'] with [] 
2023-02-02 14:38:55,404 [main][] INFO  o.s.s.w.DefaultSecurityFilterChain Will secure Ant [pattern='/webjars/**'] with [] 
2023-02-02 14:38:55,404 [main][] INFO  o.s.s.w.DefaultSecurityFilterChain Will secure Ant [pattern='/v2/**'] with [] 
2023-02-02 14:38:55,404 [main][] INFO  o.s.s.w.DefaultSecurityFilterChain Will secure Ant [pattern='/api/**'] with [] 
2023-02-02 14:43:44,082 [main][] INFO  o.s.s.w.DefaultSecurityFilterChain Will secure any request with [org.springframework.security.web.context.request.async.WebAsyncManagerIntegrationFilter@68f2363, org.springframework.security.web.context.SecurityContextPersistenceFilter@3dfc59c5, org.springframework.security.web.header.HeaderWriterFilter@68f9e807, org.springframework.web.filter.CorsFilter@37fca349, org.springframework.security.web.authentication.logout.LogoutFilter@3b25709e, me.song.security.LoginAuthenticationFilter@86377d5, me.song.security.TokenFilter@87220f1, org.springframework.security.web.savedrequest.RequestCacheAwareFilter@2cff5aa3, org.springframework.security.web.servletapi.SecurityContextHolderAwareRequestFilter@2fea9a7b, org.springframework.security.web.authentication.AnonymousAuthenticationFilter@77998ea7, org.springframework.security.web.session.SessionManagementFilter@23708f14, org.springframework.security.web.access.ExceptionTranslationFilter@57839834, org.springframework.security.web.access.intercept.FilterSecurityInterceptor@3c3cd13a] 
2023-02-02 14:43:44,219 [main][] INFO  o.a.c.h.Http11NioProtocol Starting ProtocolHandler ["http-nio-8082"] 
2023-02-02 14:43:44,301 [main][] INFO  o.s.b.w.e.t.TomcatWebServer Tomcat started on port(s): 8082 (http) with context path '' 
2023-02-02 14:43:44,304 [main][] INFO  s.d.s.w.p.DocumentationPluginsBootstrapper Context refreshed 
2023-02-02 14:43:44,374 [main][] INFO  s.d.s.w.p.DocumentationPluginsBootstrapper Found 1 custom documentation plugin(s) 
2023-02-02 14:43:44,496 [main][] INFO  s.d.s.w.s.ApiListingReferenceScanner Scanning for api listing references 
2023-02-02 14:43:44,686 [main][] WARN  s.d.s.w.r.p.ParameterDataTypeReader Trying to infer dataType java.lang.Long[] 
2023-02-02 14:43:44,763 [main][] INFO  m.s.SYSApplication Started SYSApplication in 298.802 seconds (JVM running for 302.62) 
2023-02-02 14:44:25,870 [http-nio-8082-exec-1][] INFO  o.a.c.c.C.[.[.[/] Initializing Spring DispatcherServlet 'dispatcherServlet' 
2023-02-02 14:44:25,870 [http-nio-8082-exec-1][] INFO  o.s.w.s.DispatcherServlet Initializing Servlet 'dispatcherServlet' 
2023-02-02 14:44:25,871 [http-nio-8082-exec-1][] INFO  o.s.w.s.DispatcherServlet Completed initialization in 1 ms 
2023-02-02 17:42:55,841 [http-nio-8082-exec-1][] INFO  c.a.d.p.DruidDataSource {dataSource-1} inited 
2023-02-02 17:58:10,280 [http-nio-8082-exec-4][] WARN  c.a.d.p.DruidAbstractDataSource discard long time none received connection. , jdbcUrl : jdbc:mysql://localhost:3306/education?serverTimezone=UTC&useUnicode=true&characterEncoding=UTF-8, version : 1.2.8, lastPacketReceivedIdleMillis : 913848 
2023-02-02 18:06:17,778 [http-nio-8082-exec-5][] WARN  c.a.d.p.DruidAbstractDataSource discard long time none received connection. , jdbcUrl : jdbc:mysql://localhost:3306/education?serverTimezone=UTC&useUnicode=true&characterEncoding=UTF-8, version : 1.2.8, lastPacketReceivedIdleMillis : 487480 
