2023-02-03 16:46:05,918 [SpringContextShutdownHook][] INFO  o.s.s.c.ThreadPoolTaskExecutor Shutting down ExecutorService 'applicationTaskExecutor' 
2023-02-03 16:46:05,924 [SpringContextShutdownHook][] INFO  c.a.d.p.DruidDataSource {dataSource-1} closing ... 
2023-02-03 16:46:06,252 [SpringContextShutdownHook][] INFO  c.a.d.p.DruidDataSource {dataSource-1} closed 
2023-02-03 16:47:58,852 [main][] INFO  m.s.SYSApplication Starting SYSApplication using Java 1.8.0_102 on LAPTOP-4AHHCIO7 with PID 4628 (D:\workspace\wrokspace-spring\guli-parent\service-sys\target\classes started by Songbing in D:\workspace\wrokspace-spring\guli-parent) 
2023-02-03 16:47:58,858 [main][] INFO  m.s.SYSApplication No active profile set, falling back to default profiles: default 
2023-02-03 16:48:01,144 [main][] INFO  o.s.d.r.c.RepositoryConfigurationDelegate Multiple Spring Data modules found, entering strict repository configuration mode! 
2023-02-03 16:48:01,149 [main][] INFO  o.s.d.r.c.RepositoryConfigurationDelegate Bootstrapping Spring Data Redis repositories in DEFAULT mode. 
2023-02-03 16:48:01,199 [main][] INFO  o.s.d.r.c.RepositoryConfigurationDelegate Finished Spring Data repository scanning in 26 ms. Found 0 Redis repository interfaces. 
2023-02-03 16:48:01,797 [main][] INFO  o.s.c.s.PostProcessorRegistrationDelegate$BeanPostProcessorChecker Bean 'org.springframework.security.access.expression.method.DefaultMethodSecurityExpressionHandler@220c9a63' of type [org.springframework.security.access.expression.method.DefaultMethodSecurityExpressionHandler] is not eligible for getting processed by all BeanPostProcessors (for example: not eligible for auto-proxying) 
2023-02-03 16:48:01,804 [main][] INFO  o.s.c.s.PostProcessorRegistrationDelegate$BeanPostProcessorChecker Bean 'methodSecurityMetadataSource' of type [org.springframework.security.access.method.DelegatingMethodSecurityMetadataSource] is not eligible for getting processed by all BeanPostProcessors (for example: not eligible for auto-proxying) 
2023-02-03 16:48:02,179 [main][] INFO  o.s.b.w.e.t.TomcatWebServer Tomcat initialized with port(s): 8082 (http) 
2023-02-03 16:48:02,192 [main][] INFO  o.a.c.h.Http11NioProtocol Initializing ProtocolHandler ["http-nio-8082"] 
2023-02-03 16:48:02,193 [main][] INFO  o.a.c.c.StandardService Starting service [Tomcat] 
2023-02-03 16:48:02,193 [main][] INFO  o.a.c.c.StandardEngine Starting Servlet engine: [Apache Tomcat/9.0.41] 
2023-02-03 16:48:02,330 [main][] INFO  o.a.c.c.C.[.[.[/] Initializing Spring embedded WebApplicationContext 
2023-02-03 16:48:02,331 [main][] INFO  o.s.b.w.s.c.ServletWebServerApplicationContext Root WebApplicationContext: initialization completed in 3337 ms 
2023-02-03 16:52:27,294 [main][] INFO  s.d.s.w.PropertySourcedRequestMappingHandlerMapping Mapped URL path [/v2/api-docs] onto method [springfox.documentation.swagger2.web.Swagger2Controller#getDocumentation(String, HttpServletRequest)] 
2023-02-03 16:52:34,545 [main][] INFO  m.s.SYSApplication Starting SYSApplication using Java 1.8.0_102 on LAPTOP-4AHHCIO7 with PID 23844 (D:\workspace\wrokspace-spring\guli-parent\service-sys\target\classes started by Songbing in D:\workspace\wrokspace-spring\guli-parent) 
2023-02-03 16:52:34,549 [main][] INFO  m.s.SYSApplication No active profile set, falling back to default profiles: default 
2023-02-03 16:52:35,873 [main][] INFO  o.s.d.r.c.RepositoryConfigurationDelegate Multiple Spring Data modules found, entering strict repository configuration mode! 
2023-02-03 16:52:35,877 [main][] INFO  o.s.d.r.c.RepositoryConfigurationDelegate Bootstrapping Spring Data Redis repositories in DEFAULT mode. 
2023-02-03 16:52:35,924 [main][] INFO  o.s.d.r.c.RepositoryConfigurationDelegate Finished Spring Data repository scanning in 23 ms. Found 0 Redis repository interfaces. 
2023-02-03 16:52:36,325 [main][] INFO  o.s.c.s.PostProcessorRegistrationDelegate$BeanPostProcessorChecker Bean 'org.springframework.security.access.expression.method.DefaultMethodSecurityExpressionHandler@3596b249' of type [org.springframework.security.access.expression.method.DefaultMethodSecurityExpressionHandler] is not eligible for getting processed by all BeanPostProcessors (for example: not eligible for auto-proxying) 
2023-02-03 16:52:36,333 [main][] INFO  o.s.c.s.PostProcessorRegistrationDelegate$BeanPostProcessorChecker Bean 'methodSecurityMetadataSource' of type [org.springframework.security.access.method.DelegatingMethodSecurityMetadataSource] is not eligible for getting processed by all BeanPostProcessors (for example: not eligible for auto-proxying) 
2023-02-03 16:52:36,652 [main][] INFO  o.s.b.w.e.t.TomcatWebServer Tomcat initialized with port(s): 8082 (http) 
2023-02-03 16:52:36,663 [main][] INFO  o.a.c.h.Http11NioProtocol Initializing ProtocolHandler ["http-nio-8082"] 
2023-02-03 16:52:36,664 [main][] INFO  o.a.c.c.StandardService Starting service [Tomcat] 
2023-02-03 16:52:36,664 [main][] INFO  o.a.c.c.StandardEngine Starting Servlet engine: [Apache Tomcat/9.0.41] 
2023-02-03 16:52:36,774 [main][] INFO  o.a.c.c.C.[.[.[/] Initializing Spring embedded WebApplicationContext 
2023-02-03 16:52:36,774 [main][] INFO  o.s.b.w.s.c.ServletWebServerApplicationContext Root WebApplicationContext: initialization completed in 2160 ms 
2023-02-03 17:58:34,885 [main][] INFO  s.d.s.w.PropertySourcedRequestMappingHandlerMapping Mapped URL path [/v2/api-docs] onto method [springfox.documentation.swagger2.web.Swagger2Controller#getDocumentation(String, HttpServletRequest)] 
2023-02-03 17:58:35,073 [main][] INFO  o.s.s.c.ThreadPoolTaskExecutor Initializing ExecutorService 'applicationTaskExecutor' 
2023-02-03 17:58:35,958 [main][] INFO  o.s.s.w.DefaultSecurityFilterChain Will secure Ant [pattern='/swagger-ui.html'] with [] 
2023-02-03 17:58:35,959 [main][] INFO  o.s.s.w.DefaultSecurityFilterChain Will secure Ant [pattern='/swagger-resources/**'] with [] 
2023-02-03 17:58:35,959 [main][] INFO  o.s.s.w.DefaultSecurityFilterChain Will secure Ant [pattern='/webjars/**'] with [] 
2023-02-03 17:58:35,959 [main][] INFO  o.s.s.w.DefaultSecurityFilterChain Will secure Ant [pattern='/v2/**'] with [] 
2023-02-03 17:58:35,959 [main][] INFO  o.s.s.w.DefaultSecurityFilterChain Will secure Ant [pattern='/api/**'] with [] 
2023-02-03 17:58:36,002 [main][] INFO  o.s.s.w.DefaultSecurityFilterChain Will secure any request with [org.springframework.security.web.context.request.async.WebAsyncManagerIntegrationFilter@249a45fd, org.springframework.security.web.context.SecurityContextPersistenceFilter@3e998033, org.springframework.security.web.header.HeaderWriterFilter@70840a5a, org.springframework.web.filter.CorsFilter@268f0ff3, org.springframework.security.web.authentication.logout.LogoutFilter@1fca53a7, me.song.security.LoginAuthenticationFilter@11978f52, me.song.security.TokenFilter@3e0855b0, org.springframework.security.web.savedrequest.RequestCacheAwareFilter@527d5e48, org.springframework.security.web.servletapi.SecurityContextHolderAwareRequestFilter@76f9e000, org.springframework.security.web.authentication.AnonymousAuthenticationFilter@484b5a21, org.springframework.security.web.session.SessionManagementFilter@7a34c1f6, org.springframework.security.web.access.ExceptionTranslationFilter@4f6ff62, org.springframework.security.web.access.intercept.FilterSecurityInterceptor@fee7ca] 
2023-02-03 17:58:36,150 [main][] INFO  o.s.b.w.e.t.TomcatWebServer Tomcat started on port(s): 8082 (http) with context path '' 
2023-02-03 17:58:36,151 [main][] INFO  s.d.s.w.p.DocumentationPluginsBootstrapper Context refreshed 
2023-02-03 17:58:36,196 [main][] INFO  s.d.s.w.p.DocumentationPluginsBootstrapper Found 1 custom documentation plugin(s) 
2023-02-03 17:58:36,262 [main][] INFO  s.d.s.w.s.ApiListingReferenceScanner Scanning for api listing references 
2023-02-03 17:58:36,417 [main][] WARN  s.d.s.w.r.p.ParameterDataTypeReader Trying to infer dataType java.lang.Long[] 
2023-02-03 17:58:36,508 [main][] INFO  m.s.SYSApplication Started SYSApplication in 3962.889 seconds (JVM running for 3965.658) 
2023-02-03 17:58:44,736 [main][] INFO  m.s.SYSApplication Starting SYSApplication using Java 1.8.0_102 on LAPTOP-4AHHCIO7 with PID 5568 (D:\workspace\wrokspace-spring\guli-parent\service-sys\target\classes started by Songbing in D:\workspace\wrokspace-spring\guli-parent) 
2023-02-03 17:58:44,740 [main][] INFO  m.s.SYSApplication No active profile set, falling back to default profiles: default 
2023-02-03 17:58:46,109 [main][] INFO  o.s.d.r.c.RepositoryConfigurationDelegate Multiple Spring Data modules found, entering strict repository configuration mode! 
2023-02-03 17:58:46,113 [main][] INFO  o.s.d.r.c.RepositoryConfigurationDelegate Bootstrapping Spring Data Redis repositories in DEFAULT mode. 
2023-02-03 17:58:46,151 [main][] INFO  o.s.d.r.c.RepositoryConfigurationDelegate Finished Spring Data repository scanning in 19 ms. Found 0 Redis repository interfaces. 
2023-02-03 17:58:46,563 [main][] INFO  o.s.c.s.PostProcessorRegistrationDelegate$BeanPostProcessorChecker Bean 'org.springframework.security.access.expression.method.DefaultMethodSecurityExpressionHandler@415ef4d8' of type [org.springframework.security.access.expression.method.DefaultMethodSecurityExpressionHandler] is not eligible for getting processed by all BeanPostProcessors (for example: not eligible for auto-proxying) 
2023-02-03 17:58:46,569 [main][] INFO  o.s.c.s.PostProcessorRegistrationDelegate$BeanPostProcessorChecker Bean 'methodSecurityMetadataSource' of type [org.springframework.security.access.method.DelegatingMethodSecurityMetadataSource] is not eligible for getting processed by all BeanPostProcessors (for example: not eligible for auto-proxying) 
2023-02-03 17:58:46,895 [main][] INFO  o.s.b.w.e.t.TomcatWebServer Tomcat initialized with port(s): 8082 (http) 
2023-02-03 17:58:46,909 [main][] INFO  o.a.c.h.Http11NioProtocol Initializing ProtocolHandler ["http-nio-8082"] 
2023-02-03 17:58:46,909 [main][] INFO  o.a.c.c.StandardService Starting service [Tomcat] 
2023-02-03 17:58:46,910 [main][] INFO  o.a.c.c.StandardEngine Starting Servlet engine: [Apache Tomcat/9.0.41] 
2023-02-03 17:58:47,066 [main][] INFO  o.a.c.c.C.[.[.[/] Initializing Spring embedded WebApplicationContext 
2023-02-03 17:58:47,066 [main][] INFO  o.s.b.w.s.c.ServletWebServerApplicationContext Root WebApplicationContext: initialization completed in 2257 ms 
