2022-12-23 09:05:19,130 [main][] INFO  c.a.u.UCApplication Starting UCApplication using Java 1.8.0_102 on LAPTOP-4AHHCIO7 with PID 26796 (D:\workspace\wrokspace-spring\guli-parent\service\service-uc\target\classes started by Songbing in D:\workspace\wrokspace-spring\guli-parent) 
2022-12-23 09:05:19,135 [main][] INFO  c.a.u.UCApplication No active profile set, falling back to default profiles: default 
2022-12-23 09:05:21,851 [main][] INFO  o.s.b.w.e.t.TomcatWebServer Tomcat initialized with port(s): 8082 (http) 
2022-12-23 09:05:21,865 [main][] INFO  o.a.c.h.Http11NioProtocol Initializing ProtocolHandler ["http-nio-8082"] 
2022-12-23 09:05:21,866 [main][] INFO  o.a.c.c.StandardService Starting service [Tomcat] 
2022-12-23 09:05:21,867 [main][] INFO  o.a.c.c.StandardEngine Starting Servlet engine: [Apache Tomcat/9.0.41] 
2022-12-23 09:05:22,009 [main][] INFO  o.a.c.c.C.[.[.[/] Initializing Spring embedded WebApplicationContext 
2022-12-23 09:05:22,009 [main][] INFO  o.s.b.w.s.c.ServletWebServerApplicationContext Root WebApplicationContext: initialization completed in 2768 ms 
2022-12-23 09:05:26,007 [main][] INFO  s.d.s.w.PropertySourcedRequestMappingHandlerMapping Mapped URL path [/v2/api-docs] onto method [springfox.documentation.swagger2.web.Swagger2Controller#getDocumentation(String, HttpServletRequest)] 
2022-12-23 09:05:26,136 [main][] INFO  o.s.s.c.ThreadPoolTaskExecutor Initializing ExecutorService 'applicationTaskExecutor' 
2022-12-23 09:05:26,517 [main][] INFO  o.s.b.a.s.s.UserDetailsServiceAutoConfiguration 

Using generated security password: 9cad78fe-a95e-49dc-b8ec-54a4e46385c5
 
2022-12-23 09:05:26,669 [main][] INFO  o.s.s.w.DefaultSecurityFilterChain Will secure any request with [org.springframework.security.web.context.request.async.WebAsyncManagerIntegrationFilter@1d7f2f0a, org.springframework.security.web.context.SecurityContextPersistenceFilter@733fae8, org.springframework.security.web.header.HeaderWriterFilter@33187485, org.springframework.security.web.csrf.CsrfFilter@3eb9c575, org.springframework.security.web.authentication.logout.LogoutFilter@134c38, org.springframework.security.web.authentication.UsernamePasswordAuthenticationFilter@3d235635, org.springframework.security.web.authentication.ui.DefaultLoginPageGeneratingFilter@74fc3fc7, org.springframework.security.web.authentication.ui.DefaultLogoutPageGeneratingFilter@54defd69, org.springframework.security.web.savedrequest.RequestCacheAwareFilter@74764622, org.springframework.security.web.servletapi.SecurityContextHolderAwareRequestFilter@58e02359, org.springframework.security.web.authentication.AnonymousAuthenticationFilter@531a716c, org.springframework.security.web.session.SessionManagementFilter@5d2e6f62, org.springframework.security.web.access.ExceptionTranslationFilter@1282f784, org.springframework.security.web.access.intercept.FilterSecurityInterceptor@5871a482] 
2022-12-23 09:05:26,771 [main][] INFO  o.a.c.h.Http11NioProtocol Starting ProtocolHandler ["http-nio-8082"] 
2022-12-23 09:05:26,806 [main][] INFO  o.s.b.w.e.t.TomcatWebServer Tomcat started on port(s): 8082 (http) with context path '' 
2022-12-23 09:05:26,807 [main][] INFO  s.d.s.w.p.DocumentationPluginsBootstrapper Context refreshed 
2022-12-23 09:05:26,833 [main][] INFO  s.d.s.w.p.DocumentationPluginsBootstrapper Found 1 custom documentation plugin(s) 
2022-12-23 09:05:26,889 [main][] INFO  s.d.s.w.s.ApiListingReferenceScanner Scanning for api listing references 
2022-12-23 09:05:27,068 [main][] WARN  s.d.s.w.r.p.ParameterDataTypeReader Trying to infer dataType java.lang.Long[] 
2022-12-23 09:05:27,104 [main][] INFO  c.a.u.UCApplication Started UCApplication in 8.756 seconds (JVM running for 12.488) 
2022-12-23 09:06:00,770 [http-nio-8082-exec-1][] INFO  o.a.c.c.C.[.[.[/] Initializing Spring DispatcherServlet 'dispatcherServlet' 
2022-12-23 09:06:00,770 [http-nio-8082-exec-1][] INFO  o.s.w.s.DispatcherServlet Initializing Servlet 'dispatcherServlet' 
2022-12-23 09:06:00,772 [http-nio-8082-exec-1][] INFO  o.s.w.s.DispatcherServlet Completed initialization in 1 ms 
2022-12-23 09:20:19,943 [http-nio-8082-exec-4][] WARN  o.s.s.c.b.BCryptPasswordEncoder Encoded password does not look like BCrypt 
2022-12-23 09:20:22,712 [SpringContextShutdownHook][] INFO  o.s.s.c.ThreadPoolTaskExecutor Shutting down ExecutorService 'applicationTaskExecutor' 
2022-12-23 09:20:22,715 [SpringContextShutdownHook][] INFO  c.a.d.p.DruidDataSource {dataSource-0} closing ... 
