2022-12-22 11:30:33,673 [main][] INFO  c.a.u.UCApplication Starting UCApplication using Java 1.8.0_102 on LAPTOP-4AHHCIO7 with PID 30804 (D:\workspace\wrokspace-spring\guli-parent\service\service-uc\target\classes started by Songbing in D:\workspace\wrokspace-spring\guli-parent) 
2022-12-22 11:30:33,698 [main][] INFO  c.a.u.UCApplication No active profile set, falling back to default profiles: default 
2022-12-22 11:30:36,201 [main][] INFO  o.s.b.w.e.t.TomcatWebServer Tomcat initialized with port(s): 8082 (http) 
2022-12-22 11:30:36,213 [main][] INFO  o.a.c.h.Http11NioProtocol Initializing ProtocolHandler ["http-nio-8082"] 
2022-12-22 11:30:36,214 [main][] INFO  o.a.c.c.StandardService Starting service [Tomcat] 
2022-12-22 11:30:36,215 [main][] INFO  o.a.c.c.StandardEngine Starting Servlet engine: [Apache Tomcat/9.0.41] 
2022-12-22 11:30:36,359 [main][] INFO  o.a.c.c.C.[.[.[/] Initializing Spring embedded WebApplicationContext 
2022-12-22 11:30:36,360 [main][] INFO  o.s.b.w.s.c.ServletWebServerApplicationContext Root WebApplicationContext: initialization completed in 2586 ms 
2022-12-22 11:30:39,689 [main][] INFO  s.d.s.w.PropertySourcedRequestMappingHandlerMapping Mapped URL path [/v2/api-docs] onto method [springfox.documentation.swagger2.web.Swagger2Controller#getDocumentation(String, HttpServletRequest)] 
2022-12-22 11:30:39,819 [main][] INFO  o.s.s.c.ThreadPoolTaskExecutor Initializing ExecutorService 'applicationTaskExecutor' 
2022-12-22 11:30:40,240 [main][] INFO  o.s.b.a.s.s.UserDetailsServiceAutoConfiguration 

Using generated security password: b9ee9491-877d-4f28-abb4-33183848a08c
 
2022-12-22 11:30:40,398 [main][] INFO  o.s.s.w.DefaultSecurityFilterChain Will secure any request with [org.springframework.security.web.context.request.async.WebAsyncManagerIntegrationFilter@573a078, org.springframework.security.web.context.SecurityContextPersistenceFilter@5df2023c, org.springframework.security.web.header.HeaderWriterFilter@2513155a, org.springframework.security.web.csrf.CsrfFilter@12214f2f, org.springframework.security.web.authentication.logout.LogoutFilter@1716c037, org.springframework.security.web.authentication.UsernamePasswordAuthenticationFilter@79b63325, org.springframework.security.web.authentication.ui.DefaultLoginPageGeneratingFilter@110620d, org.springframework.security.web.authentication.ui.DefaultLogoutPageGeneratingFilter@28f05b0c, org.springframework.security.web.savedrequest.RequestCacheAwareFilter@3562e7c7, org.springframework.security.web.servletapi.SecurityContextHolderAwareRequestFilter@2a4e939a, org.springframework.security.web.authentication.AnonymousAuthenticationFilter@660296d5, org.springframework.security.web.session.SessionManagementFilter@47fa3671, org.springframework.security.web.access.ExceptionTranslationFilter@2e204155, org.springframework.security.web.access.intercept.FilterSecurityInterceptor@37bda983] 
2022-12-22 11:30:40,475 [main][] INFO  o.a.c.h.Http11NioProtocol Starting ProtocolHandler ["http-nio-8082"] 
2022-12-22 11:30:40,517 [main][] INFO  o.s.b.w.e.t.TomcatWebServer Tomcat started on port(s): 8082 (http) with context path '' 
2022-12-22 11:30:40,519 [main][] INFO  s.d.s.w.p.DocumentationPluginsBootstrapper Context refreshed 
2022-12-22 11:30:40,547 [main][] INFO  s.d.s.w.p.DocumentationPluginsBootstrapper Found 1 custom documentation plugin(s) 
2022-12-22 11:30:40,607 [main][] INFO  s.d.s.w.s.ApiListingReferenceScanner Scanning for api listing references 
2022-12-22 11:30:40,785 [http-nio-8082-exec-1][] INFO  o.a.c.c.C.[.[.[/] Initializing Spring DispatcherServlet 'dispatcherServlet' 
2022-12-22 11:30:40,786 [http-nio-8082-exec-1][] INFO  o.s.w.s.DispatcherServlet Initializing Servlet 'dispatcherServlet' 
2022-12-22 11:30:40,789 [http-nio-8082-exec-1][] INFO  o.s.w.s.DispatcherServlet Completed initialization in 2 ms 
2022-12-22 11:30:40,837 [main][] WARN  s.d.s.w.r.p.ParameterDataTypeReader Trying to infer dataType java.lang.Long[] 
2022-12-22 11:30:40,915 [main][] INFO  c.a.u.UCApplication Started UCApplication in 8.178 seconds (JVM running for 11.406) 
2022-12-22 11:36:42,513 [SpringContextShutdownHook][] INFO  o.s.s.c.ThreadPoolTaskExecutor Shutting down ExecutorService 'applicationTaskExecutor' 
2022-12-22 11:36:42,517 [SpringContextShutdownHook][] INFO  c.a.d.p.DruidDataSource {dataSource-0} closing ... 
2022-12-22 14:17:38,482 [main][] INFO  c.a.u.UCApplication Starting UCApplication using Java 1.8.0_102 on LAPTOP-4AHHCIO7 with PID 26224 (D:\workspace\wrokspace-spring\guli-parent\service\service-uc\target\classes started by Songbing in D:\workspace\wrokspace-spring\guli-parent) 
2022-12-22 14:17:38,517 [main][] INFO  c.a.u.UCApplication No active profile set, falling back to default profiles: default 
2022-12-22 14:17:41,370 [main][] INFO  o.s.b.w.e.t.TomcatWebServer Tomcat initialized with port(s): 8082 (http) 
2022-12-22 14:17:41,382 [main][] INFO  o.a.c.h.Http11NioProtocol Initializing ProtocolHandler ["http-nio-8082"] 
2022-12-22 14:17:41,383 [main][] INFO  o.a.c.c.StandardService Starting service [Tomcat] 
2022-12-22 14:17:41,383 [main][] INFO  o.a.c.c.StandardEngine Starting Servlet engine: [Apache Tomcat/9.0.41] 
2022-12-22 14:17:41,484 [main][] INFO  o.a.c.c.C.[.[.[/] Initializing Spring embedded WebApplicationContext 
2022-12-22 14:17:41,484 [main][] INFO  o.s.b.w.s.c.ServletWebServerApplicationContext Root WebApplicationContext: initialization completed in 2885 ms 
2022-12-22 14:17:44,528 [main][] INFO  s.d.s.w.PropertySourcedRequestMappingHandlerMapping Mapped URL path [/v2/api-docs] onto method [springfox.documentation.swagger2.web.Swagger2Controller#getDocumentation(String, HttpServletRequest)] 
2022-12-22 14:17:44,670 [main][] INFO  o.s.s.c.ThreadPoolTaskExecutor Initializing ExecutorService 'applicationTaskExecutor' 
2022-12-22 14:17:44,989 [main][] INFO  o.s.b.a.s.s.UserDetailsServiceAutoConfiguration 

Using generated security password: c205e58a-b59a-4e4f-8537-f225e2967d2f
 
2022-12-22 14:17:45,141 [main][] INFO  o.s.s.w.DefaultSecurityFilterChain Will secure any request with [org.springframework.security.web.context.request.async.WebAsyncManagerIntegrationFilter@68ab6ab0, org.springframework.security.web.context.SecurityContextPersistenceFilter@627ff1b8, org.springframework.security.web.header.HeaderWriterFilter@34414ffc, org.springframework.security.web.csrf.CsrfFilter@3a00b15d, org.springframework.security.web.authentication.logout.LogoutFilter@208205ed, org.springframework.security.web.authentication.UsernamePasswordAuthenticationFilter@671d03bb, org.springframework.security.web.authentication.ui.DefaultLoginPageGeneratingFilter@1fd7a37, org.springframework.security.web.authentication.ui.DefaultLogoutPageGeneratingFilter@61ffd148, org.springframework.security.web.savedrequest.RequestCacheAwareFilter@29a33620, org.springframework.security.web.servletapi.SecurityContextHolderAwareRequestFilter@1039bfc4, org.springframework.security.web.authentication.AnonymousAuthenticationFilter@58324c9f, org.springframework.security.web.session.SessionManagementFilter@4041739c, org.springframework.security.web.access.ExceptionTranslationFilter@4ac8768e, org.springframework.security.web.access.intercept.FilterSecurityInterceptor@6cae2e4d] 
2022-12-22 14:17:45,242 [main][] INFO  o.a.c.h.Http11NioProtocol Starting ProtocolHandler ["http-nio-8082"] 
2022-12-22 14:17:45,273 [main][] INFO  o.s.b.w.e.t.TomcatWebServer Tomcat started on port(s): 8082 (http) with context path '' 
2022-12-22 14:17:45,274 [main][] INFO  s.d.s.w.p.DocumentationPluginsBootstrapper Context refreshed 
2022-12-22 14:17:45,294 [main][] INFO  s.d.s.w.p.DocumentationPluginsBootstrapper Found 1 custom documentation plugin(s) 
2022-12-22 14:17:45,347 [main][] INFO  s.d.s.w.s.ApiListingReferenceScanner Scanning for api listing references 
2022-12-22 14:17:45,498 [main][] WARN  s.d.s.w.r.p.ParameterDataTypeReader Trying to infer dataType java.lang.Long[] 
2022-12-22 14:17:45,533 [main][] INFO  c.a.u.UCApplication Started UCApplication in 8.255 seconds (JVM running for 10.985) 
2022-12-22 14:17:57,234 [http-nio-8082-exec-2][] INFO  o.a.c.c.C.[.[.[/] Initializing Spring DispatcherServlet 'dispatcherServlet' 
2022-12-22 14:17:57,242 [http-nio-8082-exec-2][] INFO  o.s.w.s.DispatcherServlet Initializing Servlet 'dispatcherServlet' 
2022-12-22 14:17:57,244 [http-nio-8082-exec-2][] INFO  o.s.w.s.DispatcherServlet Completed initialization in 2 ms 
2022-12-22 14:18:01,668 [http-nio-8082-exec-5][] WARN  o.s.s.c.b.BCryptPasswordEncoder Encoded password does not look like BCrypt 
2022-12-22 14:18:56,311 [http-nio-8082-exec-9][] WARN  o.s.s.c.b.BCryptPasswordEncoder Encoded password does not look like BCrypt 
2022-12-22 14:19:01,898 [http-nio-8082-exec-4][] WARN  o.s.s.c.b.BCryptPasswordEncoder Encoded password does not look like BCrypt 
2022-12-22 14:19:34,851 [http-nio-8082-exec-6][] WARN  o.s.s.c.b.BCryptPasswordEncoder Encoded password does not look like BCrypt 
