2022-12-27 15:17:36,399 [main][] INFO  c.a.u.UCApplication Starting UCApplication using Java 1.8.0_102 on LAPTOP-4AHHCIO7 with PID 5124 (D:\workspace\wrokspace-spring\guli-parent\service\service-uc\target\classes started by Songbing in D:\workspace\wrokspace-spring\guli-parent) 
2022-12-27 15:17:36,406 [main][] INFO  c.a.u.UCApplication No active profile set, falling back to default profiles: default 
2022-12-27 15:17:38,193 [main][] INFO  o.s.d.r.c.RepositoryConfigurationDelegate Multiple Spring Data modules found, entering strict repository configuration mode! 
2022-12-27 15:17:38,198 [main][] INFO  o.s.d.r.c.RepositoryConfigurationDelegate Bootstrapping Spring Data Redis repositories in DEFAULT mode. 
2022-12-27 15:17:38,241 [main][] INFO  o.s.d.r.c.RepositoryConfigurationDelegate Finished Spring Data repository scanning in 14 ms. Found 0 Redis repository interfaces. 
2022-12-27 15:17:39,344 [main][] INFO  o.s.b.w.e.t.TomcatWebServer Tomcat initialized with port(s): 8082 (http) 
2022-12-27 15:17:39,358 [main][] INFO  o.a.c.h.Http11NioProtocol Initializing ProtocolHandler ["http-nio-8082"] 
2022-12-27 15:17:39,359 [main][] INFO  o.a.c.c.StandardService Starting service [Tomcat] 
2022-12-27 15:17:39,359 [main][] INFO  o.a.c.c.StandardEngine Starting Servlet engine: [Apache Tomcat/9.0.41] 
2022-12-27 15:17:39,579 [main][] INFO  o.a.c.c.C.[.[.[/] Initializing Spring embedded WebApplicationContext 
2022-12-27 15:17:39,579 [main][] INFO  o.s.b.w.s.c.ServletWebServerApplicationContext Root WebApplicationContext: initialization completed in 3013 ms 
2022-12-27 15:17:43,608 [main][] INFO  s.d.s.w.PropertySourcedRequestMappingHandlerMapping Mapped URL path [/v2/api-docs] onto method [springfox.documentation.swagger2.web.Swagger2Controller#getDocumentation(String, HttpServletRequest)] 
2022-12-27 15:17:43,748 [main][] INFO  o.s.s.c.ThreadPoolTaskExecutor Initializing ExecutorService 'applicationTaskExecutor' 
2022-12-27 15:17:44,199 [main][] INFO  o.s.b.a.s.s.UserDetailsServiceAutoConfiguration 

Using generated security password: b5e15dc9-1236-4d0b-a994-2a902c99ca80
 
2022-12-27 15:17:44,338 [main][] INFO  o.s.s.w.DefaultSecurityFilterChain Will secure any request with [org.springframework.security.web.context.request.async.WebAsyncManagerIntegrationFilter@148fca83, org.springframework.security.web.context.SecurityContextPersistenceFilter@432f4626, org.springframework.security.web.header.HeaderWriterFilter@4ab86b2a, org.springframework.security.web.csrf.CsrfFilter@672d8370, org.springframework.security.web.authentication.logout.LogoutFilter@2d7aa291, org.springframework.security.web.authentication.UsernamePasswordAuthenticationFilter@11582db6, org.springframework.security.web.authentication.ui.DefaultLoginPageGeneratingFilter@57515944, org.springframework.security.web.authentication.ui.DefaultLogoutPageGeneratingFilter@2d2a8819, org.springframework.security.web.authentication.www.BasicAuthenticationFilter@401b67a9, org.springframework.security.web.savedrequest.RequestCacheAwareFilter@4c79ca55, org.springframework.security.web.servletapi.SecurityContextHolderAwareRequestFilter@60a99f3d, org.springframework.security.web.authentication.AnonymousAuthenticationFilter@72585e83, org.springframework.security.web.session.SessionManagementFilter@2ac9e53c, org.springframework.security.web.access.ExceptionTranslationFilter@1e000a17, org.springframework.security.web.access.intercept.FilterSecurityInterceptor@183ef89a] 
2022-12-27 15:17:44,402 [main][] INFO  o.a.c.h.Http11NioProtocol Starting ProtocolHandler ["http-nio-8082"] 
2022-12-27 15:17:44,435 [main][] INFO  o.s.b.w.e.t.TomcatWebServer Tomcat started on port(s): 8082 (http) with context path '' 
2022-12-27 15:17:44,437 [main][] INFO  s.d.s.w.p.DocumentationPluginsBootstrapper Context refreshed 
2022-12-27 15:17:44,466 [main][] INFO  s.d.s.w.p.DocumentationPluginsBootstrapper Found 1 custom documentation plugin(s) 
2022-12-27 15:17:44,545 [main][] INFO  s.d.s.w.s.ApiListingReferenceScanner Scanning for api listing references 
2022-12-27 15:17:44,747 [main][] WARN  s.d.s.w.r.p.ParameterDataTypeReader Trying to infer dataType java.lang.Long[] 
2022-12-27 15:17:44,782 [main][] INFO  c.a.u.UCApplication Started UCApplication in 9.433 seconds (JVM running for 12.353) 
2022-12-27 15:17:57,440 [http-nio-8082-exec-1][] INFO  o.a.c.c.C.[.[.[/] Initializing Spring DispatcherServlet 'dispatcherServlet' 
2022-12-27 15:17:57,441 [http-nio-8082-exec-1][] INFO  o.s.w.s.DispatcherServlet Initializing Servlet 'dispatcherServlet' 
2022-12-27 15:17:57,442 [http-nio-8082-exec-1][] INFO  o.s.w.s.DispatcherServlet Completed initialization in 1 ms 
2022-12-27 17:40:04,927 [SpringContextShutdownHook][] INFO  o.s.s.c.ThreadPoolTaskExecutor Shutting down ExecutorService 'applicationTaskExecutor' 
2022-12-27 17:40:17,260 [main][] INFO  c.a.u.UCApplication Starting UCApplication using Java 1.8.0_102 on LAPTOP-4AHHCIO7 with PID 25848 (D:\workspace\wrokspace-spring\guli-parent\service\service-uc\target\classes started by Songbing in D:\workspace\wrokspace-spring\guli-parent) 
2022-12-27 17:40:17,265 [main][] INFO  c.a.u.UCApplication No active profile set, falling back to default profiles: default 
2022-12-27 17:40:18,516 [main][] INFO  o.s.d.r.c.RepositoryConfigurationDelegate Multiple Spring Data modules found, entering strict repository configuration mode! 
2022-12-27 17:40:18,520 [main][] INFO  o.s.d.r.c.RepositoryConfigurationDelegate Bootstrapping Spring Data Redis repositories in DEFAULT mode. 
2022-12-27 17:40:18,566 [main][] INFO  o.s.d.r.c.RepositoryConfigurationDelegate Finished Spring Data repository scanning in 17 ms. Found 0 Redis repository interfaces. 
2022-12-27 17:40:19,297 [main][] INFO  o.s.b.w.e.t.TomcatWebServer Tomcat initialized with port(s): 8082 (http) 
2022-12-27 17:40:19,312 [main][] INFO  o.a.c.h.Http11NioProtocol Initializing ProtocolHandler ["http-nio-8082"] 
2022-12-27 17:40:19,313 [main][] INFO  o.a.c.c.StandardService Starting service [Tomcat] 
2022-12-27 17:40:19,313 [main][] INFO  o.a.c.c.StandardEngine Starting Servlet engine: [Apache Tomcat/9.0.41] 
2022-12-27 17:40:19,444 [main][] INFO  o.a.c.c.C.[.[.[/] Initializing Spring embedded WebApplicationContext 
2022-12-27 17:40:19,445 [main][] INFO  o.s.b.w.s.c.ServletWebServerApplicationContext Root WebApplicationContext: initialization completed in 2119 ms 
2022-12-27 17:40:22,720 [main][] INFO  s.d.s.w.PropertySourcedRequestMappingHandlerMapping Mapped URL path [/v2/api-docs] onto method [springfox.documentation.swagger2.web.Swagger2Controller#getDocumentation(String, HttpServletRequest)] 
2022-12-27 17:40:22,884 [main][] INFO  o.s.s.c.ThreadPoolTaskExecutor Initializing ExecutorService 'applicationTaskExecutor' 
2022-12-27 17:40:23,541 [main][] INFO  o.s.s.w.DefaultSecurityFilterChain Will secure any request with [org.springframework.security.web.context.request.async.WebAsyncManagerIntegrationFilter@5e05a706, org.springframework.security.web.context.SecurityContextPersistenceFilter@7157413e, org.springframework.security.web.header.HeaderWriterFilter@af3295f, org.springframework.security.web.csrf.CsrfFilter@785d6a98, org.springframework.security.web.authentication.logout.LogoutFilter@35ff072c, org.springframework.security.web.authentication.UsernamePasswordAuthenticationFilter@3155f190, org.springframework.security.web.authentication.ui.DefaultLoginPageGeneratingFilter@1f3f434, org.springframework.security.web.authentication.ui.DefaultLogoutPageGeneratingFilter@7831d1aa, org.springframework.security.web.authentication.www.BasicAuthenticationFilter@124ff64d, org.springframework.security.web.savedrequest.RequestCacheAwareFilter@2f0e7fa8, org.springframework.security.web.servletapi.SecurityContextHolderAwareRequestFilter@45d38165, org.springframework.security.web.authentication.AnonymousAuthenticationFilter@3a69014e, org.springframework.security.web.session.SessionManagementFilter@3595086b, org.springframework.security.web.access.ExceptionTranslationFilter@534fc1f7, org.springframework.security.web.access.intercept.FilterSecurityInterceptor@227b9277] 
2022-12-27 17:40:23,606 [main][] INFO  o.a.c.h.Http11NioProtocol Starting ProtocolHandler ["http-nio-8082"] 
2022-12-27 17:40:23,638 [main][] INFO  o.s.b.w.e.t.TomcatWebServer Tomcat started on port(s): 8082 (http) with context path '' 
2022-12-27 17:40:23,640 [main][] INFO  s.d.s.w.p.DocumentationPluginsBootstrapper Context refreshed 
2022-12-27 17:40:23,664 [main][] INFO  s.d.s.w.p.DocumentationPluginsBootstrapper Found 1 custom documentation plugin(s) 
2022-12-27 17:40:23,720 [main][] INFO  s.d.s.w.s.ApiListingReferenceScanner Scanning for api listing references 
2022-12-27 17:40:23,926 [main][] WARN  s.d.s.w.r.p.ParameterDataTypeReader Trying to infer dataType java.lang.Long[] 
2022-12-27 17:40:23,956 [main][] INFO  c.a.u.UCApplication Started UCApplication in 7.552 seconds (JVM running for 10.271) 
2022-12-27 17:40:57,228 [http-nio-8082-exec-1][] INFO  o.a.c.c.C.[.[.[/] Initializing Spring DispatcherServlet 'dispatcherServlet' 
2022-12-27 17:40:57,229 [http-nio-8082-exec-1][] INFO  o.s.w.s.DispatcherServlet Initializing Servlet 'dispatcherServlet' 
2022-12-27 17:40:57,233 [http-nio-8082-exec-1][] INFO  o.s.w.s.DispatcherServlet Completed initialization in 3 ms 
2022-12-27 17:42:56,175 [http-nio-8082-exec-4][] INFO  c.a.d.p.DruidDataSource {dataSource-1} inited 
2022-12-27 17:42:56,513 [http-nio-8082-exec-4][] DEBUG c.a.u.m.U.selectList ==>  Preparing: SELECT id,username,password,nick_name,avatar,phone,email,status,token,is_deleted,gmt_create,gmt_modified FROM uc_user WHERE is_deleted=0 AND (username = ?) 
2022-12-27 17:42:56,818 [http-nio-8082-exec-4][] DEBUG c.a.u.m.U.selectList ==> Parameters: admin(String) 
2022-12-27 17:42:57,051 [http-nio-8082-exec-4][] DEBUG c.a.u.m.U.selectList <==      Total: 1 
2022-12-27 17:44:16,859 [http-nio-8082-exec-6][] WARN  c.a.d.p.DruidAbstractDataSource discard long time none received connection. , jdbcUrl : jdbc:mysql://localhost:3306/education?serverTimezone=UTC&useUnicode=true&characterEncoding=UTF-8, version : 1.2.8, lastPacketReceivedIdleMillis : 79981 
2022-12-27 17:44:16,865 [http-nio-8082-exec-6][] DEBUG c.a.u.m.U.selectList ==>  Preparing: SELECT id,username,password,nick_name,avatar,phone,email,status,token,is_deleted,gmt_create,gmt_modified FROM uc_user WHERE is_deleted=0 AND (username = ?) 
2022-12-27 17:44:16,866 [http-nio-8082-exec-6][] DEBUG c.a.u.m.U.selectList ==> Parameters: admin(String) 
2022-12-27 17:44:16,869 [http-nio-8082-exec-6][] DEBUG c.a.u.m.U.selectList <==      Total: 1 
2022-12-27 17:44:22,127 [http-nio-8082-exec-8][] DEBUG c.a.u.m.U.selectList ==>  Preparing: SELECT id,username,password,nick_name,avatar,phone,email,status,token,is_deleted,gmt_create,gmt_modified FROM uc_user WHERE is_deleted=0 AND (username = ?) 
2022-12-27 17:44:22,128 [http-nio-8082-exec-8][] DEBUG c.a.u.m.U.selectList ==> Parameters: admin(String) 
2022-12-27 17:44:22,130 [http-nio-8082-exec-8][] DEBUG c.a.u.m.U.selectList <==      Total: 1 
2022-12-27 17:44:56,241 [http-nio-8082-exec-10][] DEBUG c.a.u.m.U.selectList ==>  Preparing: SELECT id,username,password,nick_name,avatar,phone,email,status,token,is_deleted,gmt_create,gmt_modified FROM uc_user WHERE is_deleted=0 AND (username = ?) 
2022-12-27 17:44:56,242 [http-nio-8082-exec-10][] DEBUG c.a.u.m.U.selectList ==> Parameters: admin(String) 
2022-12-27 17:44:56,250 [http-nio-8082-exec-10][] DEBUG c.a.u.m.U.selectList <==      Total: 1 
2022-12-27 17:47:09,190 [http-nio-8082-exec-5][] WARN  c.a.d.p.DruidAbstractDataSource discard long time none received connection. , jdbcUrl : jdbc:mysql://localhost:3306/education?serverTimezone=UTC&useUnicode=true&characterEncoding=UTF-8, version : 1.2.8, lastPacketReceivedIdleMillis : 132944 
2022-12-27 17:47:09,197 [http-nio-8082-exec-5][] DEBUG c.a.u.m.U.selectList ==>  Preparing: SELECT id,username,password,nick_name,avatar,phone,email,status,token,is_deleted,gmt_create,gmt_modified FROM uc_user WHERE is_deleted=0 AND (username = ?) 
2022-12-27 17:47:09,199 [http-nio-8082-exec-5][] DEBUG c.a.u.m.U.selectList ==> Parameters: admin(String) 
2022-12-27 17:47:09,208 [http-nio-8082-exec-5][] DEBUG c.a.u.m.U.selectList <==      Total: 1 
2022-12-27 17:47:29,783 [http-nio-8082-exec-3][] DEBUG c.a.u.m.U.selectList ==>  Preparing: SELECT id,username,password,nick_name,avatar,phone,email,status,token,is_deleted,gmt_create,gmt_modified FROM uc_user WHERE is_deleted=0 AND (username = ?) 
2022-12-27 17:47:29,784 [http-nio-8082-exec-3][] DEBUG c.a.u.m.U.selectList ==> Parameters: admin(String) 
2022-12-27 17:47:29,791 [http-nio-8082-exec-3][] DEBUG c.a.u.m.U.selectList <==      Total: 1 
2022-12-27 17:47:58,165 [http-nio-8082-exec-7][] DEBUG c.a.u.m.U.selectList ==>  Preparing: SELECT id,username,password,nick_name,avatar,phone,email,status,token,is_deleted,gmt_create,gmt_modified FROM uc_user WHERE is_deleted=0 AND (username = ?) 
2022-12-27 17:47:58,166 [http-nio-8082-exec-7][] DEBUG c.a.u.m.U.selectList ==> Parameters: admin(String) 
2022-12-27 17:47:58,174 [http-nio-8082-exec-7][] DEBUG c.a.u.m.U.selectList <==      Total: 1 
2022-12-27 19:04:33,674 [main][] INFO  c.a.u.UCApplication Starting UCApplication using Java 1.8.0_102 on LAPTOP-4AHHCIO7 with PID 25740 (D:\workspace\wrokspace-spring\guli-parent\service\service-uc\target\classes started by Songbing in D:\workspace\wrokspace-spring\guli-parent) 
2022-12-27 19:04:33,678 [main][] INFO  c.a.u.UCApplication No active profile set, falling back to default profiles: default 
2022-12-27 19:04:35,406 [main][] INFO  o.s.d.r.c.RepositoryConfigurationDelegate Multiple Spring Data modules found, entering strict repository configuration mode! 
2022-12-27 19:04:35,409 [main][] INFO  o.s.d.r.c.RepositoryConfigurationDelegate Bootstrapping Spring Data Redis repositories in DEFAULT mode. 
2022-12-27 19:04:35,458 [main][] INFO  o.s.d.r.c.RepositoryConfigurationDelegate Finished Spring Data repository scanning in 15 ms. Found 0 Redis repository interfaces. 
2022-12-27 19:04:36,178 [main][] INFO  o.s.b.w.e.t.TomcatWebServer Tomcat initialized with port(s): 8082 (http) 
2022-12-27 19:04:36,190 [main][] INFO  o.a.c.h.Http11NioProtocol Initializing ProtocolHandler ["http-nio-8082"] 
2022-12-27 19:04:36,191 [main][] INFO  o.a.c.c.StandardService Starting service [Tomcat] 
2022-12-27 19:04:36,192 [main][] INFO  o.a.c.c.StandardEngine Starting Servlet engine: [Apache Tomcat/9.0.41] 
2022-12-27 19:04:36,354 [main][] INFO  o.a.c.c.C.[.[.[/] Initializing Spring embedded WebApplicationContext 
2022-12-27 19:04:36,354 [main][] INFO  o.s.b.w.s.c.ServletWebServerApplicationContext Root WebApplicationContext: initialization completed in 2615 ms 
2022-12-27 19:04:36,561 [main][] WARN  o.s.b.w.s.c.AnnotationConfigServletWebServerApplicationContext Exception encountered during context initialization - cancelling refresh attempt: org.springframework.beans.factory.UnsatisfiedDependencyException: Error creating bean with name 'loginController': Unsatisfied dependency expressed through field 'loginService'; nested exception is org.springframework.beans.factory.UnsatisfiedDependencyException: Error creating bean with name 'loginServiceImp': Unsatisfied dependency expressed through field 'authenticationManager'; nested exception is org.springframework.beans.factory.NoSuchBeanDefinitionException: No qualifying bean of type 'org.springframework.security.authentication.AuthenticationManager' available: expected at least 1 bean which qualifies as autowire candidate. Dependency annotations: {@org.springframework.beans.factory.annotation.Autowired(required=true)} 
2022-12-27 19:04:36,565 [main][] INFO  o.a.c.c.StandardService Stopping service [Tomcat] 
2022-12-27 19:04:36,590 [main][] INFO  o.s.b.a.l.ConditionEvaluationReportLoggingListener 

Error starting ApplicationContext. To display the conditions report re-run your application with 'debug' enabled. 
2022-12-27 19:04:36,708 [main][] ERROR o.s.b.d.LoggingFailureAnalysisReporter 

***************************
APPLICATION FAILED TO START
***************************

Description:

Field authenticationManager in LoginServiceImp required a bean of type 'org.springframework.security.authentication.AuthenticationManager' that could not be found.

The injection point has the following annotations:
	- @org.springframework.beans.factory.annotation.Autowired(required=true)


Action:

Consider defining a bean of type 'org.springframework.security.authentication.AuthenticationManager' in your configuration.
 
2022-12-27 19:15:54,704 [main][] INFO  c.a.u.UCApplication Starting UCApplication using Java 1.8.0_102 on LAPTOP-4AHHCIO7 with PID 9888 (D:\workspace\wrokspace-spring\guli-parent\service\service-uc\target\classes started by Songbing in D:\workspace\wrokspace-spring\guli-parent) 
2022-12-27 19:15:54,711 [main][] INFO  c.a.u.UCApplication No active profile set, falling back to default profiles: default 
2022-12-27 19:15:56,007 [main][] INFO  o.s.d.r.c.RepositoryConfigurationDelegate Multiple Spring Data modules found, entering strict repository configuration mode! 
2022-12-27 19:15:56,011 [main][] INFO  o.s.d.r.c.RepositoryConfigurationDelegate Bootstrapping Spring Data Redis repositories in DEFAULT mode. 
2022-12-27 19:15:56,058 [main][] INFO  o.s.d.r.c.RepositoryConfigurationDelegate Finished Spring Data repository scanning in 15 ms. Found 0 Redis repository interfaces. 
2022-12-27 19:15:56,773 [main][] INFO  o.s.b.w.e.t.TomcatWebServer Tomcat initialized with port(s): 8082 (http) 
2022-12-27 19:15:56,786 [main][] INFO  o.a.c.h.Http11NioProtocol Initializing ProtocolHandler ["http-nio-8082"] 
2022-12-27 19:15:56,787 [main][] INFO  o.a.c.c.StandardService Starting service [Tomcat] 
2022-12-27 19:15:56,788 [main][] INFO  o.a.c.c.StandardEngine Starting Servlet engine: [Apache Tomcat/9.0.41] 
2022-12-27 19:15:56,918 [main][] INFO  o.a.c.c.C.[.[.[/] Initializing Spring embedded WebApplicationContext 
2022-12-27 19:15:56,918 [main][] INFO  o.s.b.w.s.c.ServletWebServerApplicationContext Root WebApplicationContext: initialization completed in 2021 ms 
2022-12-27 19:16:00,387 [main][] INFO  s.d.s.w.PropertySourcedRequestMappingHandlerMapping Mapped URL path [/v2/api-docs] onto method [springfox.documentation.swagger2.web.Swagger2Controller#getDocumentation(String, HttpServletRequest)] 
2022-12-27 19:16:00,524 [main][] INFO  o.s.s.c.ThreadPoolTaskExecutor Initializing ExecutorService 'applicationTaskExecutor' 
2022-12-27 19:16:01,070 [main][] INFO  o.s.s.w.DefaultSecurityFilterChain Will secure any request with [org.springframework.security.web.context.request.async.WebAsyncManagerIntegrationFilter@27053257, org.springframework.security.web.context.SecurityContextPersistenceFilter@54f25b42, org.springframework.security.web.header.HeaderWriterFilter@1eabfad5, org.springframework.security.web.authentication.logout.LogoutFilter@7793b55d, org.springframework.security.web.savedrequest.RequestCacheAwareFilter@7d156f8f, org.springframework.security.web.servletapi.SecurityContextHolderAwareRequestFilter@49f50c8f, org.springframework.security.web.authentication.AnonymousAuthenticationFilter@6a0e97fc, org.springframework.security.web.session.SessionManagementFilter@3c826498, org.springframework.security.web.access.ExceptionTranslationFilter@5e80d5, org.springframework.security.web.access.intercept.FilterSecurityInterceptor@7b8cb283] 
2022-12-27 19:16:01,127 [main][] INFO  o.a.c.h.Http11NioProtocol Starting ProtocolHandler ["http-nio-8082"] 
2022-12-27 19:16:01,152 [main][] INFO  o.s.b.w.e.t.TomcatWebServer Tomcat started on port(s): 8082 (http) with context path '' 
2022-12-27 19:16:01,153 [main][] INFO  s.d.s.w.p.DocumentationPluginsBootstrapper Context refreshed 
2022-12-27 19:16:01,173 [main][] INFO  s.d.s.w.p.DocumentationPluginsBootstrapper Found 1 custom documentation plugin(s) 
2022-12-27 19:16:01,221 [main][] INFO  s.d.s.w.s.ApiListingReferenceScanner Scanning for api listing references 
2022-12-27 19:16:01,401 [main][] WARN  s.d.s.w.r.p.ParameterDataTypeReader Trying to infer dataType java.lang.Long[] 
2022-12-27 19:16:01,437 [main][] INFO  c.a.u.UCApplication Started UCApplication in 7.778 seconds (JVM running for 10.598) 
2022-12-27 19:16:28,474 [http-nio-8082-exec-1][] INFO  o.a.c.c.C.[.[.[/] Initializing Spring DispatcherServlet 'dispatcherServlet' 
2022-12-27 19:16:28,475 [http-nio-8082-exec-1][] INFO  o.s.w.s.DispatcherServlet Initializing Servlet 'dispatcherServlet' 
2022-12-27 19:16:28,479 [http-nio-8082-exec-1][] INFO  o.s.w.s.DispatcherServlet Completed initialization in 4 ms 
2022-12-27 19:17:31,741 [http-nio-8082-exec-3][] INFO  c.a.d.p.DruidDataSource {dataSource-1} inited 
2022-12-27 19:17:32,004 [http-nio-8082-exec-3][] DEBUG c.a.u.m.U.selectList ==>  Preparing: SELECT id,username,password,nick_name,avatar,phone,email,status,token,is_deleted,gmt_create,gmt_modified FROM uc_user WHERE is_deleted=0 AND (username = ?) 
2022-12-27 19:17:32,374 [http-nio-8082-exec-3][] DEBUG c.a.u.m.U.selectList ==> Parameters: NONE_PROVIDED(String) 
2022-12-27 19:17:32,620 [http-nio-8082-exec-3][] DEBUG c.a.u.m.U.selectList <==      Total: 0 
2022-12-27 19:17:51,971 [http-nio-8082-exec-3][] ERROR c.a.c.e.GlobalException 用户名或密码错误 
org.springframework.security.authentication.BadCredentialsException: 用户名或密码错误
	at org.springframework.security.authentication.dao.AbstractUserDetailsAuthenticationProvider.authenticate(AbstractUserDetailsAuthenticationProvider.java:141)
	at org.springframework.security.authentication.ProviderManager.authenticate(ProviderManager.java:182)
	at LoginServiceImp.login(LoginServiceImp.java:34)
	at com.atguigu.ucservice.controller.LoginController.login(LoginController.java:24)
	at sun.reflect.NativeMethodAccessorImpl.invoke0(Native Method)
	at sun.reflect.NativeMethodAccessorImpl.invoke(NativeMethodAccessorImpl.java:62)
	at sun.reflect.DelegatingMethodAccessorImpl.invoke(DelegatingMethodAccessorImpl.java:43)
	at java.lang.reflect.Method.invoke(Method.java:498)
	at org.springframework.web.method.support.InvocableHandlerMethod.doInvoke(InvocableHandlerMethod.java:197)
	at org.springframework.web.method.support.InvocableHandlerMethod.invokeForRequest(InvocableHandlerMethod.java:141)
	at org.springframework.web.servlet.mvc.method.annotation.ServletInvocableHandlerMethod.invokeAndHandle(ServletInvocableHandlerMethod.java:106)
	at org.springframework.web.servlet.mvc.method.annotation.RequestMappingHandlerAdapter.invokeHandlerMethod(RequestMappingHandlerAdapter.java:894)
	at org.springframework.web.servlet.mvc.method.annotation.RequestMappingHandlerAdapter.handleInternal(RequestMappingHandlerAdapter.java:808)
	at org.springframework.web.servlet.mvc.method.AbstractHandlerMethodAdapter.handle(AbstractHandlerMethodAdapter.java:87)
	at org.springframework.web.servlet.DispatcherServlet.doDispatch(DispatcherServlet.java:1061)
	at org.springframework.web.servlet.DispatcherServlet.doService(DispatcherServlet.java:961)
	at org.springframework.web.servlet.FrameworkServlet.processRequest(FrameworkServlet.java:1006)
	at org.springframework.web.servlet.FrameworkServlet.doGet(FrameworkServlet.java:898)
	at javax.servlet.http.HttpServlet.service(HttpServlet.java:626)
	at org.springframework.web.servlet.FrameworkServlet.service(FrameworkServlet.java:883)
	at javax.servlet.http.HttpServlet.service(HttpServlet.java:733)
	at org.apache.catalina.core.ApplicationFilterChain.internalDoFilter(ApplicationFilterChain.java:231)
	at org.apache.catalina.core.ApplicationFilterChain.doFilter(ApplicationFilterChain.java:166)
	at org.apache.tomcat.websocket.server.WsFilter.doFilter(WsFilter.java:53)
	at org.apache.catalina.core.ApplicationFilterChain.internalDoFilter(ApplicationFilterChain.java:193)
	at org.apache.catalina.core.ApplicationFilterChain.doFilter(ApplicationFilterChain.java:166)
	at org.springframework.security.web.FilterChainProxy$VirtualFilterChain.doFilter(FilterChainProxy.java:327)
	at org.springframework.security.web.access.intercept.FilterSecurityInterceptor.invoke(FilterSecurityInterceptor.java:115)
	at org.springframework.security.web.access.intercept.FilterSecurityInterceptor.doFilter(FilterSecurityInterceptor.java:81)
	at org.springframework.security.web.FilterChainProxy$VirtualFilterChain.doFilter(FilterChainProxy.java:336)
	at org.springframework.security.web.access.ExceptionTranslationFilter.doFilter(ExceptionTranslationFilter.java:119)
	at org.springframework.security.web.access.ExceptionTranslationFilter.doFilter(ExceptionTranslationFilter.java:113)
	at org.springframework.security.web.FilterChainProxy$VirtualFilterChain.doFilter(FilterChainProxy.java:336)
	at org.springframework.security.web.session.SessionManagementFilter.doFilter(SessionManagementFilter.java:126)
	at org.springframework.security.web.session.SessionManagementFilter.doFilter(SessionManagementFilter.java:81)
	at org.springframework.security.web.FilterChainProxy$VirtualFilterChain.doFilter(FilterChainProxy.java:336)
	at org.springframework.security.web.authentication.AnonymousAuthenticationFilter.doFilter(AnonymousAuthenticationFilter.java:105)
	at org.springframework.security.web.FilterChainProxy$VirtualFilterChain.doFilter(FilterChainProxy.java:336)
	at org.springframework.security.web.servletapi.SecurityContextHolderAwareRequestFilter.doFilter(SecurityContextHolderAwareRequestFilter.java:149)
	at org.springframework.security.web.FilterChainProxy$VirtualFilterChain.doFilter(FilterChainProxy.java:336)
	at org.springframework.security.web.savedrequest.RequestCacheAwareFilter.doFilter(RequestCacheAwareFilter.java:63)
	at org.springframework.security.web.FilterChainProxy$VirtualFilterChain.doFilter(FilterChainProxy.java:336)
	at org.springframework.security.web.authentication.logout.LogoutFilter.doFilter(LogoutFilter.java:103)
	at org.springframework.security.web.authentication.logout.LogoutFilter.doFilter(LogoutFilter.java:89)
	at org.springframework.security.web.FilterChainProxy$VirtualFilterChain.doFilter(FilterChainProxy.java:336)
	at org.springframework.security.web.header.HeaderWriterFilter.doHeadersAfter(HeaderWriterFilter.java:90)
	at org.springframework.security.web.header.HeaderWriterFilter.doFilterInternal(HeaderWriterFilter.java:75)
	at org.springframework.web.filter.OncePerRequestFilter.doFilter(OncePerRequestFilter.java:119)
	at org.springframework.security.web.FilterChainProxy$VirtualFilterChain.doFilter(FilterChainProxy.java:336)
	at org.springframework.security.web.context.SecurityContextPersistenceFilter.doFilter(SecurityContextPersistenceFilter.java:110)
	at org.springframework.security.web.context.SecurityContextPersistenceFilter.doFilter(SecurityContextPersistenceFilter.java:80)
	at org.springframework.security.web.FilterChainProxy$VirtualFilterChain.doFilter(FilterChainProxy.java:336)
	at org.springframework.security.web.context.request.async.WebAsyncManagerIntegrationFilter.doFilterInternal(WebAsyncManagerIntegrationFilter.java:55)
	at org.springframework.web.filter.OncePerRequestFilter.doFilter(OncePerRequestFilter.java:119)
	at org.springframework.security.web.FilterChainProxy$VirtualFilterChain.doFilter(FilterChainProxy.java:336)
	at org.springframework.security.web.FilterChainProxy.doFilterInternal(FilterChainProxy.java:211)
	at org.springframework.security.web.FilterChainProxy.doFilter(FilterChainProxy.java:183)
	at org.springframework.web.filter.DelegatingFilterProxy.invokeDelegate(DelegatingFilterProxy.java:358)
	at org.springframework.web.filter.DelegatingFilterProxy.doFilter(DelegatingFilterProxy.java:271)
	at org.apache.catalina.core.ApplicationFilterChain.internalDoFilter(ApplicationFilterChain.java:193)
	at org.apache.catalina.core.ApplicationFilterChain.doFilter(ApplicationFilterChain.java:166)
	at org.springframework.web.filter.RequestContextFilter.doFilterInternal(RequestContextFilter.java:100)
	at org.springframework.web.filter.OncePerRequestFilter.doFilter(OncePerRequestFilter.java:119)
	at org.apache.catalina.core.ApplicationFilterChain.internalDoFilter(ApplicationFilterChain.java:193)
	at org.apache.catalina.core.ApplicationFilterChain.doFilter(ApplicationFilterChain.java:166)
	at org.springframework.web.filter.FormContentFilter.doFilterInternal(FormContentFilter.java:93)
	at org.springframework.web.filter.OncePerRequestFilter.doFilter(OncePerRequestFilter.java:119)
	at org.apache.catalina.core.ApplicationFilterChain.internalDoFilter(ApplicationFilterChain.java:193)
	at org.apache.catalina.core.ApplicationFilterChain.doFilter(ApplicationFilterChain.java:166)
	at org.springframework.web.filter.CharacterEncodingFilter.doFilterInternal(CharacterEncodingFilter.java:201)
	at org.springframework.web.filter.OncePerRequestFilter.doFilter(OncePerRequestFilter.java:119)
	at org.apache.catalina.core.ApplicationFilterChain.internalDoFilter(ApplicationFilterChain.java:193)
	at org.apache.catalina.core.ApplicationFilterChain.doFilter(ApplicationFilterChain.java:166)
	at org.apache.catalina.core.StandardWrapperValve.invoke(StandardWrapperValve.java:202)
	at org.apache.catalina.core.StandardContextValve.invoke(StandardContextValve.java:97)
	at org.apache.catalina.authenticator.AuthenticatorBase.invoke(AuthenticatorBase.java:542)
	at org.apache.catalina.core.StandardHostValve.invoke(StandardHostValve.java:143)
	at org.apache.catalina.valves.ErrorReportValve.invoke(ErrorReportValve.java:92)
	at org.apache.catalina.core.StandardEngineValve.invoke(StandardEngineValve.java:78)
	at org.apache.catalina.connector.CoyoteAdapter.service(CoyoteAdapter.java:343)
	at org.apache.coyote.http11.Http11Processor.service(Http11Processor.java:374)
	at org.apache.coyote.AbstractProcessorLight.process(AbstractProcessorLight.java:65)
	at org.apache.coyote.AbstractProtocol$ConnectionHandler.process(AbstractProtocol.java:888)
	at org.apache.tomcat.util.net.NioEndpoint$SocketProcessor.doRun(NioEndpoint.java:1597)
	at org.apache.tomcat.util.net.SocketProcessorBase.run(SocketProcessorBase.java:49)
	at java.util.concurrent.ThreadPoolExecutor.runWorker(ThreadPoolExecutor.java:1142)
	at java.util.concurrent.ThreadPoolExecutor$Worker.run(ThreadPoolExecutor.java:617)
	at org.apache.tomcat.util.threads.TaskThread$WrappingRunnable.run(TaskThread.java:61)
	at java.lang.Thread.run(Thread.java:745)
2022-12-27 19:19:16,502 [main][] INFO  c.a.u.UCApplication Starting UCApplication using Java 1.8.0_102 on LAPTOP-4AHHCIO7 with PID 25772 (D:\workspace\wrokspace-spring\guli-parent\service\service-uc\target\classes started by Songbing in D:\workspace\wrokspace-spring\guli-parent) 
2022-12-27 19:19:16,506 [main][] INFO  c.a.u.UCApplication No active profile set, falling back to default profiles: default 
2022-12-27 19:19:17,698 [main][] INFO  o.s.d.r.c.RepositoryConfigurationDelegate Multiple Spring Data modules found, entering strict repository configuration mode! 
2022-12-27 19:19:17,701 [main][] INFO  o.s.d.r.c.RepositoryConfigurationDelegate Bootstrapping Spring Data Redis repositories in DEFAULT mode. 
2022-12-27 19:19:17,748 [main][] INFO  o.s.d.r.c.RepositoryConfigurationDelegate Finished Spring Data repository scanning in 15 ms. Found 0 Redis repository interfaces. 
2022-12-27 19:19:18,463 [main][] INFO  o.s.b.w.e.t.TomcatWebServer Tomcat initialized with port(s): 8082 (http) 
2022-12-27 19:19:18,475 [main][] INFO  o.a.c.h.Http11NioProtocol Initializing ProtocolHandler ["http-nio-8082"] 
2022-12-27 19:19:18,476 [main][] INFO  o.a.c.c.StandardService Starting service [Tomcat] 
2022-12-27 19:19:18,476 [main][] INFO  o.a.c.c.StandardEngine Starting Servlet engine: [Apache Tomcat/9.0.41] 
2022-12-27 19:19:18,615 [main][] INFO  o.a.c.c.C.[.[.[/] Initializing Spring embedded WebApplicationContext 
2022-12-27 19:19:18,616 [main][] INFO  o.s.b.w.s.c.ServletWebServerApplicationContext Root WebApplicationContext: initialization completed in 2051 ms 
2022-12-27 19:19:22,115 [main][] INFO  s.d.s.w.PropertySourcedRequestMappingHandlerMapping Mapped URL path [/v2/api-docs] onto method [springfox.documentation.swagger2.web.Swagger2Controller#getDocumentation(String, HttpServletRequest)] 
2022-12-27 19:19:22,243 [main][] INFO  o.s.s.c.ThreadPoolTaskExecutor Initializing ExecutorService 'applicationTaskExecutor' 
2022-12-27 19:19:22,706 [main][] INFO  o.s.s.w.DefaultSecurityFilterChain Will secure any request with [org.springframework.security.web.context.request.async.WebAsyncManagerIntegrationFilter@388e4c25, org.springframework.security.web.context.SecurityContextPersistenceFilter@54f69311, org.springframework.security.web.header.HeaderWriterFilter@4f82248f, org.springframework.security.web.authentication.logout.LogoutFilter@54e94de9, org.springframework.security.web.savedrequest.RequestCacheAwareFilter@7793b55d, org.springframework.security.web.servletapi.SecurityContextHolderAwareRequestFilter@6dde1bf5, org.springframework.security.web.authentication.AnonymousAuthenticationFilter@12532e37, org.springframework.security.web.session.SessionManagementFilter@77d959f1, org.springframework.security.web.access.ExceptionTranslationFilter@6297cb4b, org.springframework.security.web.access.intercept.FilterSecurityInterceptor@11582db6] 
2022-12-27 19:19:22,768 [main][] INFO  o.a.c.h.Http11NioProtocol Starting ProtocolHandler ["http-nio-8082"] 
2022-12-27 19:19:22,794 [main][] INFO  o.s.b.w.e.t.TomcatWebServer Tomcat started on port(s): 8082 (http) with context path '' 
2022-12-27 19:19:22,795 [main][] INFO  s.d.s.w.p.DocumentationPluginsBootstrapper Context refreshed 
2022-12-27 19:19:22,817 [main][] INFO  s.d.s.w.p.DocumentationPluginsBootstrapper Found 1 custom documentation plugin(s) 
2022-12-27 19:19:22,868 [main][] INFO  s.d.s.w.s.ApiListingReferenceScanner Scanning for api listing references 
2022-12-27 19:19:23,046 [main][] WARN  s.d.s.w.r.p.ParameterDataTypeReader Trying to infer dataType java.lang.Long[] 
2022-12-27 19:19:23,080 [main][] INFO  c.a.u.UCApplication Started UCApplication in 7.29 seconds (JVM running for 10.3) 
2022-12-27 19:19:31,983 [http-nio-8082-exec-1][] INFO  o.a.c.c.C.[.[.[/] Initializing Spring DispatcherServlet 'dispatcherServlet' 
2022-12-27 19:19:31,984 [http-nio-8082-exec-1][] INFO  o.s.w.s.DispatcherServlet Initializing Servlet 'dispatcherServlet' 
2022-12-27 19:19:31,985 [http-nio-8082-exec-1][] INFO  o.s.w.s.DispatcherServlet Completed initialization in 1 ms 
2022-12-27 19:19:55,996 [SpringContextShutdownHook][] INFO  o.s.s.c.ThreadPoolTaskExecutor Shutting down ExecutorService 'applicationTaskExecutor' 
2022-12-27 19:19:56,080 [SpringContextShutdownHook][] INFO  c.a.d.p.DruidDataSource {dataSource-0} closing ... 
2022-12-27 19:20:05,540 [main][] INFO  c.a.u.UCApplication Starting UCApplication using Java 1.8.0_102 on LAPTOP-4AHHCIO7 with PID 21724 (D:\workspace\wrokspace-spring\guli-parent\service\service-uc\target\classes started by Songbing in D:\workspace\wrokspace-spring\guli-parent) 
2022-12-27 19:20:05,545 [main][] INFO  c.a.u.UCApplication No active profile set, falling back to default profiles: default 
2022-12-27 19:20:06,693 [main][] INFO  o.s.d.r.c.RepositoryConfigurationDelegate Multiple Spring Data modules found, entering strict repository configuration mode! 
2022-12-27 19:20:06,697 [main][] INFO  o.s.d.r.c.RepositoryConfigurationDelegate Bootstrapping Spring Data Redis repositories in DEFAULT mode. 
2022-12-27 19:20:06,748 [main][] INFO  o.s.d.r.c.RepositoryConfigurationDelegate Finished Spring Data repository scanning in 15 ms. Found 0 Redis repository interfaces. 
2022-12-27 19:20:07,503 [main][] INFO  o.s.b.w.e.t.TomcatWebServer Tomcat initialized with port(s): 8082 (http) 
2022-12-27 19:20:07,516 [main][] INFO  o.a.c.h.Http11NioProtocol Initializing ProtocolHandler ["http-nio-8082"] 
2022-12-27 19:20:07,517 [main][] INFO  o.a.c.c.StandardService Starting service [Tomcat] 
2022-12-27 19:20:07,518 [main][] INFO  o.a.c.c.StandardEngine Starting Servlet engine: [Apache Tomcat/9.0.41] 
2022-12-27 19:20:07,695 [main][] INFO  o.a.c.c.C.[.[.[/] Initializing Spring embedded WebApplicationContext 
2022-12-27 19:20:07,695 [main][] INFO  o.s.b.w.s.c.ServletWebServerApplicationContext Root WebApplicationContext: initialization completed in 2082 ms 
2022-12-27 19:20:11,257 [main][] INFO  s.d.s.w.PropertySourcedRequestMappingHandlerMapping Mapped URL path [/v2/api-docs] onto method [springfox.documentation.swagger2.web.Swagger2Controller#getDocumentation(String, HttpServletRequest)] 
2022-12-27 19:20:11,382 [main][] INFO  o.s.s.c.ThreadPoolTaskExecutor Initializing ExecutorService 'applicationTaskExecutor' 
2022-12-27 19:20:11,831 [main][] INFO  o.s.s.w.DefaultSecurityFilterChain Will secure any request with [org.springframework.security.web.context.request.async.WebAsyncManagerIntegrationFilter@55e5415d, org.springframework.security.web.context.SecurityContextPersistenceFilter@3749c2b, org.springframework.security.web.header.HeaderWriterFilter@3df3410a, org.springframework.security.web.authentication.logout.LogoutFilter@297c3a43, org.springframework.security.web.savedrequest.RequestCacheAwareFilter@64d93096, org.springframework.security.web.servletapi.SecurityContextHolderAwareRequestFilter@672d8370, org.springframework.security.web.authentication.AnonymousAuthenticationFilter@b8142f4, org.springframework.security.web.session.SessionManagementFilter@7d156f8f, org.springframework.security.web.access.ExceptionTranslationFilter@1eabfad5, org.springframework.security.web.access.intercept.FilterSecurityInterceptor@35ff072c] 
2022-12-27 19:20:11,894 [main][] INFO  o.a.c.h.Http11NioProtocol Starting ProtocolHandler ["http-nio-8082"] 
2022-12-27 19:20:11,922 [main][] INFO  o.s.b.w.e.t.TomcatWebServer Tomcat started on port(s): 8082 (http) with context path '' 
2022-12-27 19:20:11,923 [main][] INFO  s.d.s.w.p.DocumentationPluginsBootstrapper Context refreshed 
2022-12-27 19:20:11,946 [main][] INFO  s.d.s.w.p.DocumentationPluginsBootstrapper Found 1 custom documentation plugin(s) 
2022-12-27 19:20:11,996 [main][] INFO  s.d.s.w.s.ApiListingReferenceScanner Scanning for api listing references 
2022-12-27 19:20:12,190 [main][] WARN  s.d.s.w.r.p.ParameterDataTypeReader Trying to infer dataType java.lang.Long[] 
2022-12-27 19:20:12,224 [main][] INFO  c.a.u.UCApplication Started UCApplication in 7.511 seconds (JVM running for 10.575) 
2022-12-27 19:20:19,660 [http-nio-8082-exec-2][] INFO  o.a.c.c.C.[.[.[/] Initializing Spring DispatcherServlet 'dispatcherServlet' 
2022-12-27 19:20:19,660 [http-nio-8082-exec-2][] INFO  o.s.w.s.DispatcherServlet Initializing Servlet 'dispatcherServlet' 
2022-12-27 19:20:19,662 [http-nio-8082-exec-2][] INFO  o.s.w.s.DispatcherServlet Completed initialization in 1 ms 
2022-12-27 19:22:54,734 [SpringContextShutdownHook][] INFO  o.s.s.c.ThreadPoolTaskExecutor Shutting down ExecutorService 'applicationTaskExecutor' 
2022-12-27 19:22:54,814 [SpringContextShutdownHook][] INFO  c.a.d.p.DruidDataSource {dataSource-0} closing ... 
2022-12-27 19:23:04,235 [main][] INFO  c.a.u.UCApplication Starting UCApplication using Java 1.8.0_102 on LAPTOP-4AHHCIO7 with PID 18680 (D:\workspace\wrokspace-spring\guli-parent\service\service-uc\target\classes started by Songbing in D:\workspace\wrokspace-spring\guli-parent) 
2022-12-27 19:23:04,239 [main][] INFO  c.a.u.UCApplication No active profile set, falling back to default profiles: default 
2022-12-27 19:23:05,462 [main][] INFO  o.s.d.r.c.RepositoryConfigurationDelegate Multiple Spring Data modules found, entering strict repository configuration mode! 
2022-12-27 19:23:05,466 [main][] INFO  o.s.d.r.c.RepositoryConfigurationDelegate Bootstrapping Spring Data Redis repositories in DEFAULT mode. 
2022-12-27 19:23:05,511 [main][] INFO  o.s.d.r.c.RepositoryConfigurationDelegate Finished Spring Data repository scanning in 15 ms. Found 0 Redis repository interfaces. 
2022-12-27 19:23:06,257 [main][] INFO  o.s.b.w.e.t.TomcatWebServer Tomcat initialized with port(s): 8082 (http) 
2022-12-27 19:23:06,269 [main][] INFO  o.a.c.h.Http11NioProtocol Initializing ProtocolHandler ["http-nio-8082"] 
2022-12-27 19:23:06,270 [main][] INFO  o.a.c.c.StandardService Starting service [Tomcat] 
2022-12-27 19:23:06,271 [main][] INFO  o.a.c.c.StandardEngine Starting Servlet engine: [Apache Tomcat/9.0.41] 
2022-12-27 19:23:06,618 [main][] INFO  o.a.c.c.C.[.[.[/] Initializing Spring embedded WebApplicationContext 
2022-12-27 19:23:06,623 [main][] INFO  o.s.b.w.s.c.ServletWebServerApplicationContext Root WebApplicationContext: initialization completed in 2325 ms 
2022-12-27 19:23:10,829 [main][] INFO  s.d.s.w.PropertySourcedRequestMappingHandlerMapping Mapped URL path [/v2/api-docs] onto method [springfox.documentation.swagger2.web.Swagger2Controller#getDocumentation(String, HttpServletRequest)] 
2022-12-27 19:23:10,951 [main][] INFO  o.s.s.c.ThreadPoolTaskExecutor Initializing ExecutorService 'applicationTaskExecutor' 
2022-12-27 19:23:11,395 [main][] INFO  o.s.s.w.DefaultSecurityFilterChain Will secure any request with [org.springframework.security.web.context.request.async.WebAsyncManagerIntegrationFilter@5f9a8ddc, org.springframework.security.web.context.SecurityContextPersistenceFilter@a7ae340, org.springframework.security.web.header.HeaderWriterFilter@5358c8fa, org.springframework.security.web.authentication.logout.LogoutFilter@12723c5d, org.springframework.security.web.savedrequest.RequestCacheAwareFilter@335972a5, org.springframework.security.web.servletapi.SecurityContextHolderAwareRequestFilter@69d58731, org.springframework.security.web.authentication.AnonymousAuthenticationFilter@1280bae3, org.springframework.security.web.session.SessionManagementFilter@e2c627e, org.springframework.security.web.access.ExceptionTranslationFilter@56402642, org.springframework.security.web.access.intercept.FilterSecurityInterceptor@40d10264] 
2022-12-27 19:23:11,458 [main][] INFO  o.a.c.h.Http11NioProtocol Starting ProtocolHandler ["http-nio-8082"] 
2022-12-27 19:23:11,484 [main][] INFO  o.s.b.w.e.t.TomcatWebServer Tomcat started on port(s): 8082 (http) with context path '' 
2022-12-27 19:23:11,485 [main][] INFO  s.d.s.w.p.DocumentationPluginsBootstrapper Context refreshed 
2022-12-27 19:23:11,508 [main][] INFO  s.d.s.w.p.DocumentationPluginsBootstrapper Found 1 custom documentation plugin(s) 
2022-12-27 19:23:11,558 [main][] INFO  s.d.s.w.s.ApiListingReferenceScanner Scanning for api listing references 
2022-12-27 19:23:11,729 [main][] WARN  s.d.s.w.r.p.ParameterDataTypeReader Trying to infer dataType java.lang.Long[] 
2022-12-27 19:23:11,761 [main][] INFO  c.a.u.UCApplication Started UCApplication in 8.51 seconds (JVM running for 12.123) 
2022-12-27 19:23:12,565 [http-nio-8082-exec-1][] INFO  o.a.c.c.C.[.[.[/] Initializing Spring DispatcherServlet 'dispatcherServlet' 
2022-12-27 19:23:12,566 [http-nio-8082-exec-1][] INFO  o.s.w.s.DispatcherServlet Initializing Servlet 'dispatcherServlet' 
2022-12-27 19:23:12,567 [http-nio-8082-exec-1][] INFO  o.s.w.s.DispatcherServlet Completed initialization in 1 ms 
2022-12-27 19:23:57,670 [http-nio-8082-exec-7][] INFO  c.a.d.p.DruidDataSource {dataSource-1} inited 
2022-12-27 19:23:57,953 [http-nio-8082-exec-7][] DEBUG c.a.u.m.U.selectList ==>  Preparing: SELECT id,username,password,nick_name,avatar,phone,email,status,token,is_deleted,gmt_create,gmt_modified FROM uc_user WHERE is_deleted=0 AND (username = ?) 
2022-12-27 19:23:58,243 [http-nio-8082-exec-7][] DEBUG c.a.u.m.U.selectList ==> Parameters: admin(String) 
2022-12-27 19:23:58,477 [http-nio-8082-exec-7][] DEBUG c.a.u.m.U.selectList <==      Total: 1 
2022-12-27 19:26:32,457 [http-nio-8082-exec-7][] ERROR c.a.c.e.GlobalException Last unit does not have enough valid bits 
java.lang.IllegalArgumentException: Last unit does not have enough valid bits
	at java.util.Base64$Decoder.decode0(Base64.java:734)
	at java.util.Base64$Decoder.decode(Base64.java:526)
	at java.util.Base64$Decoder.decode(Base64.java:549)
	at TokenManager.generalKey(TokenManager.java:34)
	at TokenManager.issueToken(TokenManager.java:84)
	at LoginServiceImp.login(LoginServiceImp.java:43)
	at com.atguigu.ucservice.controller.LoginController.login(LoginController.java:24)
	at sun.reflect.NativeMethodAccessorImpl.invoke0(Native Method)
	at sun.reflect.NativeMethodAccessorImpl.invoke(NativeMethodAccessorImpl.java:62)
	at sun.reflect.DelegatingMethodAccessorImpl.invoke(DelegatingMethodAccessorImpl.java:43)
	at java.lang.reflect.Method.invoke(Method.java:498)
	at org.springframework.web.method.support.InvocableHandlerMethod.doInvoke(InvocableHandlerMethod.java:197)
	at org.springframework.web.method.support.InvocableHandlerMethod.invokeForRequest(InvocableHandlerMethod.java:141)
	at org.springframework.web.servlet.mvc.method.annotation.ServletInvocableHandlerMethod.invokeAndHandle(ServletInvocableHandlerMethod.java:106)
	at org.springframework.web.servlet.mvc.method.annotation.RequestMappingHandlerAdapter.invokeHandlerMethod(RequestMappingHandlerAdapter.java:894)
	at org.springframework.web.servlet.mvc.method.annotation.RequestMappingHandlerAdapter.handleInternal(RequestMappingHandlerAdapter.java:808)
	at org.springframework.web.servlet.mvc.method.AbstractHandlerMethodAdapter.handle(AbstractHandlerMethodAdapter.java:87)
	at org.springframework.web.servlet.DispatcherServlet.doDispatch(DispatcherServlet.java:1061)
	at org.springframework.web.servlet.DispatcherServlet.doService(DispatcherServlet.java:961)
	at org.springframework.web.servlet.FrameworkServlet.processRequest(FrameworkServlet.java:1006)
	at org.springframework.web.servlet.FrameworkServlet.doGet(FrameworkServlet.java:898)
	at javax.servlet.http.HttpServlet.service(HttpServlet.java:626)
	at org.springframework.web.servlet.FrameworkServlet.service(FrameworkServlet.java:883)
	at javax.servlet.http.HttpServlet.service(HttpServlet.java:733)
	at org.apache.catalina.core.ApplicationFilterChain.internalDoFilter(ApplicationFilterChain.java:231)
	at org.apache.catalina.core.ApplicationFilterChain.doFilter(ApplicationFilterChain.java:166)
	at org.apache.tomcat.websocket.server.WsFilter.doFilter(WsFilter.java:53)
	at org.apache.catalina.core.ApplicationFilterChain.internalDoFilter(ApplicationFilterChain.java:193)
	at org.apache.catalina.core.ApplicationFilterChain.doFilter(ApplicationFilterChain.java:166)
	at org.springframework.security.web.FilterChainProxy$VirtualFilterChain.doFilter(FilterChainProxy.java:327)
	at org.springframework.security.web.access.intercept.FilterSecurityInterceptor.invoke(FilterSecurityInterceptor.java:115)
	at org.springframework.security.web.access.intercept.FilterSecurityInterceptor.doFilter(FilterSecurityInterceptor.java:81)
	at org.springframework.security.web.FilterChainProxy$VirtualFilterChain.doFilter(FilterChainProxy.java:336)
	at org.springframework.security.web.access.ExceptionTranslationFilter.doFilter(ExceptionTranslationFilter.java:119)
	at org.springframework.security.web.access.ExceptionTranslationFilter.doFilter(ExceptionTranslationFilter.java:113)
	at org.springframework.security.web.FilterChainProxy$VirtualFilterChain.doFilter(FilterChainProxy.java:336)
	at org.springframework.security.web.session.SessionManagementFilter.doFilter(SessionManagementFilter.java:126)
	at org.springframework.security.web.session.SessionManagementFilter.doFilter(SessionManagementFilter.java:81)
	at org.springframework.security.web.FilterChainProxy$VirtualFilterChain.doFilter(FilterChainProxy.java:336)
	at org.springframework.security.web.authentication.AnonymousAuthenticationFilter.doFilter(AnonymousAuthenticationFilter.java:105)
	at org.springframework.security.web.FilterChainProxy$VirtualFilterChain.doFilter(FilterChainProxy.java:336)
	at org.springframework.security.web.servletapi.SecurityContextHolderAwareRequestFilter.doFilter(SecurityContextHolderAwareRequestFilter.java:149)
	at org.springframework.security.web.FilterChainProxy$VirtualFilterChain.doFilter(FilterChainProxy.java:336)
	at org.springframework.security.web.savedrequest.RequestCacheAwareFilter.doFilter(RequestCacheAwareFilter.java:63)
	at org.springframework.security.web.FilterChainProxy$VirtualFilterChain.doFilter(FilterChainProxy.java:336)
	at org.springframework.security.web.authentication.logout.LogoutFilter.doFilter(LogoutFilter.java:103)
	at org.springframework.security.web.authentication.logout.LogoutFilter.doFilter(LogoutFilter.java:89)
	at org.springframework.security.web.FilterChainProxy$VirtualFilterChain.doFilter(FilterChainProxy.java:336)
	at org.springframework.security.web.header.HeaderWriterFilter.doHeadersAfter(HeaderWriterFilter.java:90)
	at org.springframework.security.web.header.HeaderWriterFilter.doFilterInternal(HeaderWriterFilter.java:75)
	at org.springframework.web.filter.OncePerRequestFilter.doFilter(OncePerRequestFilter.java:119)
	at org.springframework.security.web.FilterChainProxy$VirtualFilterChain.doFilter(FilterChainProxy.java:336)
	at org.springframework.security.web.context.SecurityContextPersistenceFilter.doFilter(SecurityContextPersistenceFilter.java:110)
	at org.springframework.security.web.context.SecurityContextPersistenceFilter.doFilter(SecurityContextPersistenceFilter.java:80)
	at org.springframework.security.web.FilterChainProxy$VirtualFilterChain.doFilter(FilterChainProxy.java:336)
	at org.springframework.security.web.context.request.async.WebAsyncManagerIntegrationFilter.doFilterInternal(WebAsyncManagerIntegrationFilter.java:55)
	at org.springframework.web.filter.OncePerRequestFilter.doFilter(OncePerRequestFilter.java:119)
	at org.springframework.security.web.FilterChainProxy$VirtualFilterChain.doFilter(FilterChainProxy.java:336)
	at org.springframework.security.web.FilterChainProxy.doFilterInternal(FilterChainProxy.java:211)
	at org.springframework.security.web.FilterChainProxy.doFilter(FilterChainProxy.java:183)
	at org.springframework.web.filter.DelegatingFilterProxy.invokeDelegate(DelegatingFilterProxy.java:358)
	at org.springframework.web.filter.DelegatingFilterProxy.doFilter(DelegatingFilterProxy.java:271)
	at org.apache.catalina.core.ApplicationFilterChain.internalDoFilter(ApplicationFilterChain.java:193)
	at org.apache.catalina.core.ApplicationFilterChain.doFilter(ApplicationFilterChain.java:166)
	at org.springframework.web.filter.RequestContextFilter.doFilterInternal(RequestContextFilter.java:100)
	at org.springframework.web.filter.OncePerRequestFilter.doFilter(OncePerRequestFilter.java:119)
	at org.apache.catalina.core.ApplicationFilterChain.internalDoFilter(ApplicationFilterChain.java:193)
	at org.apache.catalina.core.ApplicationFilterChain.doFilter(ApplicationFilterChain.java:166)
	at org.springframework.web.filter.FormContentFilter.doFilterInternal(FormContentFilter.java:93)
	at org.springframework.web.filter.OncePerRequestFilter.doFilter(OncePerRequestFilter.java:119)
	at org.apache.catalina.core.ApplicationFilterChain.internalDoFilter(ApplicationFilterChain.java:193)
	at org.apache.catalina.core.ApplicationFilterChain.doFilter(ApplicationFilterChain.java:166)
	at org.springframework.web.filter.CharacterEncodingFilter.doFilterInternal(CharacterEncodingFilter.java:201)
	at org.springframework.web.filter.OncePerRequestFilter.doFilter(OncePerRequestFilter.java:119)
	at org.apache.catalina.core.ApplicationFilterChain.internalDoFilter(ApplicationFilterChain.java:193)
	at org.apache.catalina.core.ApplicationFilterChain.doFilter(ApplicationFilterChain.java:166)
	at org.apache.catalina.core.StandardWrapperValve.invoke(StandardWrapperValve.java:202)
	at org.apache.catalina.core.StandardContextValve.invoke(StandardContextValve.java:97)
	at org.apache.catalina.authenticator.AuthenticatorBase.invoke(AuthenticatorBase.java:542)
	at org.apache.catalina.core.StandardHostValve.invoke(StandardHostValve.java:143)
	at org.apache.catalina.valves.ErrorReportValve.invoke(ErrorReportValve.java:92)
	at org.apache.catalina.core.StandardEngineValve.invoke(StandardEngineValve.java:78)
	at org.apache.catalina.connector.CoyoteAdapter.service(CoyoteAdapter.java:343)
	at org.apache.coyote.http11.Http11Processor.service(Http11Processor.java:374)
	at org.apache.coyote.AbstractProcessorLight.process(AbstractProcessorLight.java:65)
	at org.apache.coyote.AbstractProtocol$ConnectionHandler.process(AbstractProtocol.java:888)
	at org.apache.tomcat.util.net.NioEndpoint$SocketProcessor.doRun(NioEndpoint.java:1597)
	at org.apache.tomcat.util.net.SocketProcessorBase.run(SocketProcessorBase.java:49)
	at java.util.concurrent.ThreadPoolExecutor.runWorker(ThreadPoolExecutor.java:1142)
	at java.util.concurrent.ThreadPoolExecutor$Worker.run(ThreadPoolExecutor.java:617)
	at org.apache.tomcat.util.threads.TaskThread$WrappingRunnable.run(TaskThread.java:61)
	at java.lang.Thread.run(Thread.java:745)
2022-12-27 19:26:33,581 [SpringContextShutdownHook][] INFO  o.s.s.c.ThreadPoolTaskExecutor Shutting down ExecutorService 'applicationTaskExecutor' 
2022-12-27 19:26:33,620 [SpringContextShutdownHook][] INFO  c.a.d.p.DruidDataSource {dataSource-1} closing ... 
2022-12-27 19:26:33,629 [SpringContextShutdownHook][] INFO  c.a.d.p.DruidDataSource {dataSource-1} closed 
2022-12-27 19:26:42,872 [main][] INFO  c.a.u.UCApplication Starting UCApplication using Java 1.8.0_102 on LAPTOP-4AHHCIO7 with PID 23508 (D:\workspace\wrokspace-spring\guli-parent\service\service-uc\target\classes started by Songbing in D:\workspace\wrokspace-spring\guli-parent) 
2022-12-27 19:26:42,876 [main][] INFO  c.a.u.UCApplication No active profile set, falling back to default profiles: default 
2022-12-27 19:26:44,165 [main][] INFO  o.s.d.r.c.RepositoryConfigurationDelegate Multiple Spring Data modules found, entering strict repository configuration mode! 
2022-12-27 19:26:44,169 [main][] INFO  o.s.d.r.c.RepositoryConfigurationDelegate Bootstrapping Spring Data Redis repositories in DEFAULT mode. 
2022-12-27 19:26:44,225 [main][] INFO  o.s.d.r.c.RepositoryConfigurationDelegate Finished Spring Data repository scanning in 18 ms. Found 0 Redis repository interfaces. 
2022-12-27 19:26:44,949 [main][] INFO  o.s.b.w.e.t.TomcatWebServer Tomcat initialized with port(s): 8082 (http) 
2022-12-27 19:26:44,961 [main][] INFO  o.a.c.h.Http11NioProtocol Initializing ProtocolHandler ["http-nio-8082"] 
2022-12-27 19:26:44,962 [main][] INFO  o.a.c.c.StandardService Starting service [Tomcat] 
2022-12-27 19:26:44,962 [main][] INFO  o.a.c.c.StandardEngine Starting Servlet engine: [Apache Tomcat/9.0.41] 
2022-12-27 19:26:45,094 [main][] INFO  o.a.c.c.C.[.[.[/] Initializing Spring embedded WebApplicationContext 
2022-12-27 19:26:45,095 [main][] INFO  o.s.b.w.s.c.ServletWebServerApplicationContext Root WebApplicationContext: initialization completed in 2156 ms 
2022-12-27 19:26:48,762 [main][] INFO  s.d.s.w.PropertySourcedRequestMappingHandlerMapping Mapped URL path [/v2/api-docs] onto method [springfox.documentation.swagger2.web.Swagger2Controller#getDocumentation(String, HttpServletRequest)] 
2022-12-27 19:26:48,888 [main][] INFO  o.s.s.c.ThreadPoolTaskExecutor Initializing ExecutorService 'applicationTaskExecutor' 
2022-12-27 19:26:49,497 [main][] INFO  o.s.s.w.DefaultSecurityFilterChain Will secure any request with [org.springframework.security.web.context.request.async.WebAsyncManagerIntegrationFilter@2aa811f9, org.springframework.security.web.context.SecurityContextPersistenceFilter@4b22214d, org.springframework.security.web.header.HeaderWriterFilter@7bb25046, org.springframework.security.web.authentication.logout.LogoutFilter@27dc81be, org.springframework.security.web.savedrequest.RequestCacheAwareFilter@6dde1bf5, org.springframework.security.web.servletapi.SecurityContextHolderAwareRequestFilter@5e9ea380, org.springframework.security.web.authentication.AnonymousAuthenticationFilter@66abb2fa, org.springframework.security.web.session.SessionManagementFilter@3a63d248, org.springframework.security.web.access.ExceptionTranslationFilter@1dc9f5ad, org.springframework.security.web.access.intercept.FilterSecurityInterceptor@148fca83] 
2022-12-27 19:26:49,565 [main][] INFO  o.a.c.h.Http11NioProtocol Starting ProtocolHandler ["http-nio-8082"] 
2022-12-27 19:26:49,593 [main][] INFO  o.s.b.w.e.t.TomcatWebServer Tomcat started on port(s): 8082 (http) with context path '' 
2022-12-27 19:26:49,595 [main][] INFO  s.d.s.w.p.DocumentationPluginsBootstrapper Context refreshed 
2022-12-27 19:26:49,616 [main][] INFO  s.d.s.w.p.DocumentationPluginsBootstrapper Found 1 custom documentation plugin(s) 
2022-12-27 19:26:49,670 [main][] INFO  s.d.s.w.s.ApiListingReferenceScanner Scanning for api listing references 
2022-12-27 19:26:49,902 [main][] WARN  s.d.s.w.r.p.ParameterDataTypeReader Trying to infer dataType java.lang.Long[] 
2022-12-27 19:26:49,971 [main][] INFO  c.a.u.UCApplication Started UCApplication in 8.057 seconds (JVM running for 10.77) 
2022-12-27 19:26:56,562 [http-nio-8082-exec-1][] INFO  o.a.c.c.C.[.[.[/] Initializing Spring DispatcherServlet 'dispatcherServlet' 
2022-12-27 19:26:56,562 [http-nio-8082-exec-1][] INFO  o.s.w.s.DispatcherServlet Initializing Servlet 'dispatcherServlet' 
2022-12-27 19:26:56,565 [http-nio-8082-exec-1][] INFO  o.s.w.s.DispatcherServlet Completed initialization in 2 ms 
2022-12-27 19:27:19,264 [http-nio-8082-exec-9][] INFO  c.a.d.p.DruidDataSource {dataSource-1} inited 
2022-12-27 19:27:19,522 [http-nio-8082-exec-9][] DEBUG c.a.u.m.U.selectList ==>  Preparing: SELECT id,username,password,nick_name,avatar,phone,email,status,token,is_deleted,gmt_create,gmt_modified FROM uc_user WHERE is_deleted=0 AND (username = ?) 
2022-12-27 19:27:19,814 [http-nio-8082-exec-9][] DEBUG c.a.u.m.U.selectList ==> Parameters: admin(String) 
2022-12-27 19:27:20,081 [http-nio-8082-exec-9][] DEBUG c.a.u.m.U.selectList <==      Total: 1 
2022-12-27 19:28:35,359 [http-nio-8082-exec-9][] ERROR c.a.c.e.GlobalException Last unit does not have enough valid bits 
java.lang.IllegalArgumentException: Last unit does not have enough valid bits
	at java.util.Base64$Decoder.decode0(Base64.java:734)
	at java.util.Base64$Decoder.decode(Base64.java:526)
	at java.util.Base64$Decoder.decode(Base64.java:549)
	at TokenManager.generalKey(TokenManager.java:34)
	at TokenManager.issueToken(TokenManager.java:84)
	at LoginServiceImp.login(LoginServiceImp.java:43)
	at com.atguigu.ucservice.controller.LoginController.login(LoginController.java:24)
	at sun.reflect.NativeMethodAccessorImpl.invoke0(Native Method)
	at sun.reflect.NativeMethodAccessorImpl.invoke(NativeMethodAccessorImpl.java:62)
	at sun.reflect.DelegatingMethodAccessorImpl.invoke(DelegatingMethodAccessorImpl.java:43)
	at java.lang.reflect.Method.invoke(Method.java:498)
	at org.springframework.web.method.support.InvocableHandlerMethod.doInvoke(InvocableHandlerMethod.java:197)
	at org.springframework.web.method.support.InvocableHandlerMethod.invokeForRequest(InvocableHandlerMethod.java:141)
	at org.springframework.web.servlet.mvc.method.annotation.ServletInvocableHandlerMethod.invokeAndHandle(ServletInvocableHandlerMethod.java:106)
	at org.springframework.web.servlet.mvc.method.annotation.RequestMappingHandlerAdapter.invokeHandlerMethod(RequestMappingHandlerAdapter.java:894)
	at org.springframework.web.servlet.mvc.method.annotation.RequestMappingHandlerAdapter.handleInternal(RequestMappingHandlerAdapter.java:808)
	at org.springframework.web.servlet.mvc.method.AbstractHandlerMethodAdapter.handle(AbstractHandlerMethodAdapter.java:87)
	at org.springframework.web.servlet.DispatcherServlet.doDispatch(DispatcherServlet.java:1061)
	at org.springframework.web.servlet.DispatcherServlet.doService(DispatcherServlet.java:961)
	at org.springframework.web.servlet.FrameworkServlet.processRequest(FrameworkServlet.java:1006)
	at org.springframework.web.servlet.FrameworkServlet.doPost(FrameworkServlet.java:909)
	at javax.servlet.http.HttpServlet.service(HttpServlet.java:652)
	at org.springframework.web.servlet.FrameworkServlet.service(FrameworkServlet.java:883)
	at javax.servlet.http.HttpServlet.service(HttpServlet.java:733)
	at org.apache.catalina.core.ApplicationFilterChain.internalDoFilter(ApplicationFilterChain.java:231)
	at org.apache.catalina.core.ApplicationFilterChain.doFilter(ApplicationFilterChain.java:166)
	at org.apache.tomcat.websocket.server.WsFilter.doFilter(WsFilter.java:53)
	at org.apache.catalina.core.ApplicationFilterChain.internalDoFilter(ApplicationFilterChain.java:193)
	at org.apache.catalina.core.ApplicationFilterChain.doFilter(ApplicationFilterChain.java:166)
	at org.springframework.security.web.FilterChainProxy$VirtualFilterChain.doFilter(FilterChainProxy.java:327)
	at org.springframework.security.web.access.intercept.FilterSecurityInterceptor.invoke(FilterSecurityInterceptor.java:115)
	at org.springframework.security.web.access.intercept.FilterSecurityInterceptor.doFilter(FilterSecurityInterceptor.java:81)
	at org.springframework.security.web.FilterChainProxy$VirtualFilterChain.doFilter(FilterChainProxy.java:336)
	at org.springframework.security.web.access.ExceptionTranslationFilter.doFilter(ExceptionTranslationFilter.java:119)
	at org.springframework.security.web.access.ExceptionTranslationFilter.doFilter(ExceptionTranslationFilter.java:113)
	at org.springframework.security.web.FilterChainProxy$VirtualFilterChain.doFilter(FilterChainProxy.java:336)
	at org.springframework.security.web.session.SessionManagementFilter.doFilter(SessionManagementFilter.java:126)
	at org.springframework.security.web.session.SessionManagementFilter.doFilter(SessionManagementFilter.java:81)
	at org.springframework.security.web.FilterChainProxy$VirtualFilterChain.doFilter(FilterChainProxy.java:336)
	at org.springframework.security.web.authentication.AnonymousAuthenticationFilter.doFilter(AnonymousAuthenticationFilter.java:105)
	at org.springframework.security.web.FilterChainProxy$VirtualFilterChain.doFilter(FilterChainProxy.java:336)
	at org.springframework.security.web.servletapi.SecurityContextHolderAwareRequestFilter.doFilter(SecurityContextHolderAwareRequestFilter.java:149)
	at org.springframework.security.web.FilterChainProxy$VirtualFilterChain.doFilter(FilterChainProxy.java:336)
	at org.springframework.security.web.savedrequest.RequestCacheAwareFilter.doFilter(RequestCacheAwareFilter.java:63)
	at org.springframework.security.web.FilterChainProxy$VirtualFilterChain.doFilter(FilterChainProxy.java:336)
	at org.springframework.security.web.authentication.logout.LogoutFilter.doFilter(LogoutFilter.java:103)
	at org.springframework.security.web.authentication.logout.LogoutFilter.doFilter(LogoutFilter.java:89)
	at org.springframework.security.web.FilterChainProxy$VirtualFilterChain.doFilter(FilterChainProxy.java:336)
	at org.springframework.security.web.header.HeaderWriterFilter.doHeadersAfter(HeaderWriterFilter.java:90)
	at org.springframework.security.web.header.HeaderWriterFilter.doFilterInternal(HeaderWriterFilter.java:75)
	at org.springframework.web.filter.OncePerRequestFilter.doFilter(OncePerRequestFilter.java:119)
	at org.springframework.security.web.FilterChainProxy$VirtualFilterChain.doFilter(FilterChainProxy.java:336)
	at org.springframework.security.web.context.SecurityContextPersistenceFilter.doFilter(SecurityContextPersistenceFilter.java:110)
	at org.springframework.security.web.context.SecurityContextPersistenceFilter.doFilter(SecurityContextPersistenceFilter.java:80)
	at org.springframework.security.web.FilterChainProxy$VirtualFilterChain.doFilter(FilterChainProxy.java:336)
	at org.springframework.security.web.context.request.async.WebAsyncManagerIntegrationFilter.doFilterInternal(WebAsyncManagerIntegrationFilter.java:55)
	at org.springframework.web.filter.OncePerRequestFilter.doFilter(OncePerRequestFilter.java:119)
	at org.springframework.security.web.FilterChainProxy$VirtualFilterChain.doFilter(FilterChainProxy.java:336)
	at org.springframework.security.web.FilterChainProxy.doFilterInternal(FilterChainProxy.java:211)
	at org.springframework.security.web.FilterChainProxy.doFilter(FilterChainProxy.java:183)
	at org.springframework.web.filter.DelegatingFilterProxy.invokeDelegate(DelegatingFilterProxy.java:358)
	at org.springframework.web.filter.DelegatingFilterProxy.doFilter(DelegatingFilterProxy.java:271)
	at org.apache.catalina.core.ApplicationFilterChain.internalDoFilter(ApplicationFilterChain.java:193)
	at org.apache.catalina.core.ApplicationFilterChain.doFilter(ApplicationFilterChain.java:166)
	at org.springframework.web.filter.RequestContextFilter.doFilterInternal(RequestContextFilter.java:100)
	at org.springframework.web.filter.OncePerRequestFilter.doFilter(OncePerRequestFilter.java:119)
	at org.apache.catalina.core.ApplicationFilterChain.internalDoFilter(ApplicationFilterChain.java:193)
	at org.apache.catalina.core.ApplicationFilterChain.doFilter(ApplicationFilterChain.java:166)
	at org.springframework.web.filter.FormContentFilter.doFilterInternal(FormContentFilter.java:93)
	at org.springframework.web.filter.OncePerRequestFilter.doFilter(OncePerRequestFilter.java:119)
	at org.apache.catalina.core.ApplicationFilterChain.internalDoFilter(ApplicationFilterChain.java:193)
	at org.apache.catalina.core.ApplicationFilterChain.doFilter(ApplicationFilterChain.java:166)
	at org.springframework.web.filter.CharacterEncodingFilter.doFilterInternal(CharacterEncodingFilter.java:201)
	at org.springframework.web.filter.OncePerRequestFilter.doFilter(OncePerRequestFilter.java:119)
	at org.apache.catalina.core.ApplicationFilterChain.internalDoFilter(ApplicationFilterChain.java:193)
	at org.apache.catalina.core.ApplicationFilterChain.doFilter(ApplicationFilterChain.java:166)
	at org.apache.catalina.core.StandardWrapperValve.invoke(StandardWrapperValve.java:202)
	at org.apache.catalina.core.StandardContextValve.invoke(StandardContextValve.java:97)
	at org.apache.catalina.authenticator.AuthenticatorBase.invoke(AuthenticatorBase.java:542)
	at org.apache.catalina.core.StandardHostValve.invoke(StandardHostValve.java:143)
	at org.apache.catalina.valves.ErrorReportValve.invoke(ErrorReportValve.java:92)
	at org.apache.catalina.core.StandardEngineValve.invoke(StandardEngineValve.java:78)
	at org.apache.catalina.connector.CoyoteAdapter.service(CoyoteAdapter.java:343)
	at org.apache.coyote.http11.Http11Processor.service(Http11Processor.java:374)
	at org.apache.coyote.AbstractProcessorLight.process(AbstractProcessorLight.java:65)
	at org.apache.coyote.AbstractProtocol$ConnectionHandler.process(AbstractProtocol.java:888)
	at org.apache.tomcat.util.net.NioEndpoint$SocketProcessor.doRun(NioEndpoint.java:1597)
	at org.apache.tomcat.util.net.SocketProcessorBase.run(SocketProcessorBase.java:49)
	at java.util.concurrent.ThreadPoolExecutor.runWorker(ThreadPoolExecutor.java:1142)
	at java.util.concurrent.ThreadPoolExecutor$Worker.run(ThreadPoolExecutor.java:617)
	at org.apache.tomcat.util.threads.TaskThread$WrappingRunnable.run(TaskThread.java:61)
	at java.lang.Thread.run(Thread.java:745)
2022-12-27 19:28:59,906 [SpringContextShutdownHook][] INFO  o.s.s.c.ThreadPoolTaskExecutor Shutting down ExecutorService 'applicationTaskExecutor' 
2022-12-27 19:28:59,941 [SpringContextShutdownHook][] INFO  c.a.d.p.DruidDataSource {dataSource-1} closing ... 
2022-12-27 19:28:59,951 [SpringContextShutdownHook][] INFO  c.a.d.p.DruidDataSource {dataSource-1} closed 
